[2026-03-29 19:07:24] 开始同步仓库...
[2026-03-29 19:07:27] 仓库同步成功
[2026-03-29 19:07:27] 定时任务脚本初始化完成
[2026-03-29 19:10:21] 开始每日反思和优化...
[2026-03-29 19:11:01] HEARTBEAT.md 已更新
[2026-03-29 19:11:01] 每日反思完成，报告已保存到: /Users/wangshihao/projects/openclaws/logs/reflection-2026-03-29.md
[2026-03-29 19:11:07] 定时任务脚本初始化完成
[2026-03-29 19:12:55] 开始生成每日总结...
[2026-03-29 19:13:19] 开始生成每日总结...
[2026-03-29 19:13:28] 总结文件已保存: /Users/wangshihao/projects/openclaws/logs/summary-2026-03-29.md
[2026-03-29 19:13:28] 开始创建 GitHub Issue...
[2026-03-29 19:14:01] 总结文件已保存: /Users/wangshihao/projects/openclaws/logs/summary-2026-03-29.md
[2026-03-29 19:14:01] 开始创建 GitHub Issue...
[2026-03-29 19:14:41] 开始生成每日总结...
[2026-03-29 19:15:00] 开始持续开发任务...
[2026-03-29 19:15:00] 持续开发任务完成
[2026-03-29 19:15:00] 定时任务脚本初始化完成
[2026-03-29 19:15:21] 总结文件已保存: /Users/wangshihao/projects/openclaws/logs/summary-2026-03-29.md
[2026-03-29 19:15:21] 开始创建 GitHub Issue...
[2026-03-29 19:15:23] GitHub Issue 创建成功: https://github.com/ai-ideas-lab/romance-of-three-claws/issues/2
[2026-03-29 19:15:23] 每日总结完成
[2026-03-29 19:15:23] 定时任务脚本初始化完成
[2026-03-29 20:15:00] 开始持续开发任务...
[2026-03-29 20:15:00] 持续开发任务完成
[2026-03-29 20:15:00] 定时任务脚本初始化完成
[2026-03-29 21:15:00] 开始持续开发任务...
[2026-03-29 21:15:00] 持续开发任务完成
[2026-03-29 21:15:00] 定时任务脚本初始化完成
[2026-03-29 22:00:00] 开始每日反思和优化...
[2026-03-29 22:00:34] HEARTBEAT.md 已更新
[2026-03-29 22:00:34] 每日反思完成，报告已保存到: /Users/wangshihao/projects/openclaws/logs/reflection-2026-03-29.md
[2026-03-29 22:00:38] 定时任务脚本初始化完成
[2026-03-29 22:15:00] 开始持续开发任务...
[2026-03-29 22:15:00] 持续开发任务完成
[2026-03-29 22:15:00] 定时任务脚本初始化完成
[2026-03-29 23:00:00] 开始生成每日总结...
[2026-03-29 23:00:42] 总结文件已保存: /Users/wangshihao/projects/openclaws/logs/summary-2026-03-29.md
[2026-03-29 23:00:42] 未安装 GitHub CLI，跳过创建 Issue
[2026-03-29 23:00:42] 每日总结完成
[2026-03-29 23:00:42] 定时任务脚本初始化完成
[2026-03-29 23:15:00] 开始持续开发任务...
[2026-03-29 23:15:00] 持续开发任务完成
[2026-03-29 23:15:00] 定时任务脚本初始化完成
[2026-03-30 00:15:01] 开始持续开发任务...
[2026-03-30 00:15:01] 持续开发任务完成
[2026-03-30 00:15:01] 定时任务脚本初始化完成
[2026-03-30 01:15:00] 开始持续开发任务...
[2026-03-30 01:15:00] 持续开发任务完成
[2026-03-30 01:15:00] 定时任务脚本初始化完成
[2026-03-30 02:15:00] 开始持续开发任务...
[2026-03-30 02:15:00] 持续开发任务完成
[2026-03-30 02:15:00] 定时任务脚本初始化完成
[2026-03-30 03:15:00] 开始持续开发任务...
[2026-03-30 03:15:00] 持续开发任务完成
[2026-03-30 03:15:00] 定时任务脚本初始化完成
[2026-03-30 04:15:00] 开始持续开发任务...
[2026-03-30 04:15:00] 持续开发任务完成
[2026-03-30 04:15:00] 定时任务脚本初始化完成
[2026-03-30 05:15:00] 开始持续开发任务...
[2026-03-30 05:15:00] 持续开发任务完成
[2026-03-30 05:15:00] 定时任务脚本初始化完成
[2026-03-30 06:15:00] 开始持续开发任务...
[2026-03-30 06:15:00] 持续开发任务完成
[2026-03-30 06:15:00] 定时任务脚本初始化完成
[2026-03-30 07:15:00] 开始持续开发任务...
[2026-03-30 07:15:00] 持续开发任务完成
[2026-03-30 07:15:00] 定时任务脚本初始化完成
[2026-03-30 08:15:00] 开始持续开发任务...
[2026-03-30 08:15:00] 持续开发任务完成
[2026-03-30 08:15:00] 定时任务脚本初始化完成
[2026-03-30 09:00:00] 开始同步仓库...
[2026-03-30 09:01:30] 仓库同步失败或无需更新
[2026-03-30 09:01:30] 定时任务脚本初始化完成
[2026-03-30 09:15:00] 开始持续开发任务...
[2026-03-30 09:15:00] 持续开发任务完成
[2026-03-30 09:15:00] 定时任务脚本初始化完成
[2026-03-30 10:15:00] 开始持续开发任务...
[2026-03-30 10:15:00] 持续开发任务完成
[2026-03-30 10:15:00] 定时任务脚本初始化完成
[2026-03-30 10:30:00] 开始评估新想法...
[2026-03-30 10:30:00] 想法评估完成
[2026-03-30 10:30:00] 定时任务脚本初始化完成
[2026-03-30 11:15:00] 开始持续开发任务...
[2026-03-30 11:15:00] 持续开发任务完成
[2026-03-30 11:15:00] 定时任务脚本初始化完成
[2026-03-30 12:15:01] 开始持续开发任务...
[2026-03-30 12:15:01] 持续开发任务完成
[2026-03-30 12:15:01] 定时任务脚本初始化完成
[2026-03-30 13:15:00] 开始持续开发任务...
[2026-03-30 13:15:00] 持续开发任务完成
[2026-03-30 13:15:00] 定时任务脚本初始化完成
[2026-03-30 14:15:00] 开始持续开发任务...
[2026-03-30 14:15:00] 持续开发任务完成
[2026-03-30 14:15:00] 定时任务脚本初始化完成
[2026-03-30 15:15:00] 开始持续开发任务...
[2026-03-30 15:15:00] 持续开发任务完成
[2026-03-30 15:15:00] 定时任务脚本初始化完成
[2026-03-30 16:15:00] 开始持续开发任务...
[2026-03-30 16:15:00] 持续开发任务完成
[2026-03-30 16:15:00] 定时任务脚本初始化完成
[2026-03-30 17:15:00] 开始持续开发任务...
[2026-03-30 17:15:00] 持续开发任务完成
[2026-03-30 17:15:00] 定时任务脚本初始化完成
[2026-03-30 18:15:00] 开始持续开发任务...
[2026-03-30 18:15:01] 持续开发任务完成
[2026-03-30 18:15:01] 定时任务脚本初始化完成
[2026-03-30 19:15:00] 开始持续开发任务...
[2026-03-30 19:15:00] 持续开发任务完成
[2026-03-30 19:15:00] 定时任务脚本初始化完成
[2026-03-30 20:15:00] 开始持续开发任务...
[2026-03-30 20:15:00] 持续开发任务完成
[2026-03-30 20:15:00] 定时任务脚本初始化完成
[2026-03-30 21:15:00] 开始持续开发任务...
[2026-03-30 21:15:00] 持续开发任务完成
[2026-03-30 21:15:00] 定时任务脚本初始化完成
[2026-03-30 22:00:00] 开始每日反思和优化...
[2026-03-30 22:01:17] HEARTBEAT.md 已更新
[2026-03-30 22:01:17] 每日反思完成，报告已保存到: /Users/wangshihao/projects/openclaws/logs/reflection-2026-03-30.md
[2026-03-30 22:01:40] 定时任务脚本初始化完成
[2026-03-30 22:15:00] 开始持续开发任务...
[2026-03-30 22:15:00] 持续开发任务完成
[2026-03-30 22:15:00] 定时任务脚本初始化完成
[2026-03-30 23:00:00] 开始生成每日总结...
[2026-03-30 23:01:19] 总结文件已保存: /Users/wangshihao/projects/openclaws/logs/summary-2026-03-30.md
[2026-03-30 23:01:19] 未安装 GitHub CLI，跳过创建 Issue
[2026-03-30 23:01:19] 每日总结完成
[2026-03-30 23:01:19] 定时任务脚本初始化完成
[2026-03-30 23:15:00] 开始持续开发任务...
[2026-03-30 23:15:00] 持续开发任务完成
[2026-03-30 23:15:00] 定时任务脚本初始化完成
[2026-03-31 00:15:00] 开始持续开发任务...
[2026-03-31 00:15:00] 持续开发任务完成
[2026-03-31 00:15:00] 定时任务脚本初始化完成
[2026-03-31 01:15:00] 开始持续开发任务...
[2026-03-31 01:15:00] 持续开发任务完成
[2026-03-31 01:15:00] 定时任务脚本初始化完成
[2026-03-31 02:15:00] 开始持续开发任务...
[2026-03-31 02:15:00] 持续开发任务完成
[2026-03-31 02:15:00] 定时任务脚本初始化完成
[2026-03-31 03:15:00] 开始持续开发任务...
[2026-03-31 03:15:00] 持续开发任务完成
[2026-03-31 03:15:00] 定时任务脚本初始化完成
[2026-03-31 04:15:00] 开始持续开发任务...
[2026-03-31 04:15:00] 持续开发任务完成
[2026-03-31 04:15:00] 定时任务脚本初始化完成
[2026-03-31 05:15:00] 开始持续开发任务...
[2026-03-31 05:15:00] 持续开发任务完成
[2026-03-31 05:15:00] 定时任务脚本初始化完成
[2026-03-31 06:15:00] 开始持续开发任务...
[2026-03-31 06:15:00] 持续开发任务完成
[2026-03-31 06:15:00] 定时任务脚本初始化完成
[2026-03-31 07:15:00] 开始持续开发任务...
[2026-03-31 07:15:00] 持续开发任务完成
[2026-03-31 07:15:00] 定时任务脚本初始化完成
[2026-03-31 08:15:00] 开始持续开发任务...
[2026-03-31 08:15:00] 持续开发任务完成
[2026-03-31 08:15:00] 定时任务脚本初始化完成
[2026-03-31 09:00:00] 开始同步仓库...
[2026-03-31 09:00:01] 仓库同步成功
[2026-03-31 09:00:01] 定时任务脚本初始化完成
[2026-03-31 09:15:00] 开始持续开发任务...
[2026-03-31 09:15:00] 持续开发任务完成
[2026-03-31 09:15:00] 定时任务脚本初始化完成
[2026-03-31 10:15:00] 开始持续开发任务...
[2026-03-31 10:15:00] 持续开发任务完成
[2026-03-31 10:15:00] 定时任务脚本初始化完成
[2026-03-31 10:30:00] 开始评估新想法...
[2026-03-31 10:30:00] 想法评估完成
[2026-03-31 10:30:00] 定时任务脚本初始化完成
[2026-03-31 11:15:00] 开始持续开发任务...
[2026-03-31 11:15:00] 持续开发任务完成
[2026-03-31 11:15:00] 定时任务脚本初始化完成
[2026-03-31 12:15:00] 开始持续开发任务...
[2026-03-31 12:15:00] 持续开发任务完成
[2026-03-31 12:15:00] 定时任务脚本初始化完成
[2026-03-31 13:15:00] 开始持续开发任务...
[2026-03-31 13:15:00] 持续开发任务完成
[2026-03-31 13:15:00] 定时任务脚本初始化完成
[2026-03-31 14:15:00] 开始持续开发任务...
[2026-03-31 14:15:00] 持续开发任务完成
[2026-03-31 14:15:00] 定时任务脚本初始化完成
[2026-03-31 15:15:00] 开始持续开发任务...
[2026-03-31 15:15:00] 持续开发任务完成
[2026-03-31 15:15:00] 定时任务脚本初始化完成
[2026-03-31 16:15:00] 开始持续开发任务...
[2026-03-31 16:15:00] 持续开发任务完成
[2026-03-31 16:15:00] 定时任务脚本初始化完成
[2026-03-31 17:15:00] 开始持续开发任务...
[2026-03-31 17:15:00] 持续开发任务完成
[2026-03-31 17:15:00] 定时任务脚本初始化完成
[2026-03-31 18:15:00] 开始持续开发任务...
[2026-03-31 18:15:00] 持续开发任务完成
[2026-03-31 18:15:00] 定时任务脚本初始化完成
[2026-03-31 19:15:00] 开始持续开发任务...
[2026-03-31 19:15:00] 持续开发任务完成
[2026-03-31 19:15:00] 定时任务脚本初始化完成
[2026-03-31 20:15:00] 开始持续开发任务...
[2026-03-31 20:15:01] 持续开发任务完成
[2026-03-31 20:15:01] 定时任务脚本初始化完成
[2026-03-31 21:15:00] 开始持续开发任务...
[2026-03-31 21:15:00] 持续开发任务完成
[2026-03-31 21:15:00] 定时任务脚本初始化完成
[2026-03-31 22:00:01] 开始每日反思和优化...
[2026-03-31 22:01:31] HEARTBEAT.md 已更新
[2026-03-31 22:01:31] 每日反思完成，报告已保存到: /Users/wangshihao/projects/openclaws/logs/reflection-2026-03-31.md
[2026-03-31 22:01:57] 定时任务脚本初始化完成
[2026-03-31 22:15:00] 开始持续开发任务...
[2026-03-31 22:15:00] 持续开发任务完成
[2026-03-31 22:15:00] 定时任务脚本初始化完成
[2026-03-31 23:00:00] 开始生成每日总结...
[2026-03-31 23:01:30] 总结文件已保存: /Users/wangshihao/projects/openclaws/logs/summary-2026-03-31.md
[2026-03-31 23:01:31] 未安装 GitHub CLI，跳过创建 Issue
[2026-03-31 23:01:31] 每日总结完成
[2026-03-31 23:01:31] 定时任务脚本初始化完成
[2026-03-31 23:15:00] 开始持续开发任务...
[2026-03-31 23:15:00] 持续开发任务完成
[2026-03-31 23:15:00] 定时任务脚本初始化完成
[2026-04-01 00:15:00] 开始持续开发任务...
[2026-04-01 00:15:00] 持续开发任务完成
[2026-04-01 00:15:00] 定时任务脚本初始化完成
[2026-04-01 01:15:00] 开始持续开发任务...
[2026-04-01 01:15:00] 持续开发任务完成
[2026-04-01 01:15:00] 定时任务脚本初始化完成
[2026-04-01 02:15:00] 开始持续开发任务...
[2026-04-01 02:15:00] 持续开发任务完成
[2026-04-01 02:15:00] 定时任务脚本初始化完成
[2026-04-01 03:15:00] 开始持续开发任务...
[2026-04-01 03:15:00] 持续开发任务完成
[2026-04-01 03:15:00] 定时任务脚本初始化完成
[2026-04-01 04:15:00] 开始持续开发任务...
[2026-04-01 04:15:00] 持续开发任务完成
[2026-04-01 04:15:00] 定时任务脚本初始化完成
[2026-04-01 05:15:00] 开始持续开发任务...
[2026-04-01 05:15:00] 持续开发任务完成
[2026-04-01 05:15:00] 定时任务脚本初始化完成
[2026-04-01 06:15:00] 开始持续开发任务...
[2026-04-01 06:15:00] 持续开发任务完成
[2026-04-01 06:15:00] 定时任务脚本初始化完成
[2026-04-01 07:15:00] 开始持续开发任务...
[2026-04-01 07:15:00] 持续开发任务完成
[2026-04-01 07:15:00] 定时任务脚本初始化完成
[2026-04-01 08:15:00] 开始持续开发任务...
[2026-04-01 08:15:00] 持续开发任务完成
[2026-04-01 08:15:00] 定时任务脚本初始化完成
[2026-04-01 09:00:00] 开始同步仓库...
[2026-04-01 09:01:30] 仓库同步失败或无需更新
[2026-04-01 09:01:30] 定时任务脚本初始化完成
[2026-04-01 09:15:00] 开始持续开发任务...
[2026-04-01 09:15:00] 持续开发任务完成
[2026-04-01 09:15:00] 定时任务脚本初始化完成
[2026-04-01 10:15:00] 开始持续开发任务...
[2026-04-01 10:15:00] 持续开发任务完成
[2026-04-01 10:15:00] 定时任务脚本初始化完成
[2026-04-01 10:30:00] 开始评估新想法...
[2026-04-01 10:30:00] 想法评估完成
[2026-04-01 10:30:00] 定时任务脚本初始化完成
[2026-04-01 11:15:00] 开始持续开发任务...
[2026-04-01 11:15:00] 持续开发任务完成
[2026-04-01 11:15:00] 定时任务脚本初始化完成
[2026-04-01 12:15:00] 开始持续开发任务...
[2026-04-01 12:15:00] 持续开发任务完成
[2026-04-01 12:15:00] 定时任务脚本初始化完成
[2026-04-01 13:15:00] 开始持续开发任务...
[2026-04-01 13:15:00] 持续开发任务完成
[2026-04-01 13:15:00] 定时任务脚本初始化完成
[2026-04-01 14:15:00] 开始持续开发任务...
[2026-04-01 14:15:00] 持续开发任务完成
[2026-04-01 14:15:00] 定时任务脚本初始化完成
[2026-04-01 15:15:00] 开始持续开发任务...
[2026-04-01 15:15:00] 持续开发任务完成
[2026-04-01 15:15:00] 定时任务脚本初始化完成
[2026-04-01 16:15:00] 开始持续开发任务...
[2026-04-01 16:15:00] 持续开发任务完成
[2026-04-01 16:15:00] 定时任务脚本初始化完成
[2026-04-01 17:15:00] 开始持续开发任务...
[2026-04-01 17:15:00] 持续开发任务完成
[2026-04-01 17:15:00] 定时任务脚本初始化完成
[2026-04-01 18:15:00] 开始持续开发任务...
[2026-04-01 18:15:00] 持续开发任务完成
[2026-04-01 18:15:00] 定时任务脚本初始化完成
[2026-04-01 19:15:00] 开始持续开发任务...
[2026-04-01 19:15:00] 持续开发任务完成
[2026-04-01 19:15:00] 定时任务脚本初始化完成
[2026-04-01 20:15:00] 开始持续开发任务...
[2026-04-01 20:15:00] 持续开发任务完成
[2026-04-01 20:15:00] 定时任务脚本初始化完成
[2026-04-01 21:15:01] 开始持续开发任务...
[2026-04-01 21:15:01] 持续开发任务完成
[2026-04-01 21:15:01] 定时任务脚本初始化完成
[2026-04-01 22:00:00] 开始每日反思和优化...
[2026-04-01 22:01:45] HEARTBEAT.md 已更新
[2026-04-01 22:01:45] 每日反思完成，报告已保存到: /Users/wangshihao/projects/openclaws/logs/reflection-2026-04-01.md
[2026-04-01 22:02:17] 定时任务脚本初始化完成
[2026-04-01 22:15:00] 开始持续开发任务...
[2026-04-01 22:15:00] 持续开发任务完成
[2026-04-01 22:15:00] 定时任务脚本初始化完成
[2026-04-01 23:00:01] 开始生成每日总结...
[2026-04-01 23:01:51] 总结文件已保存: /Users/wangshihao/projects/openclaws/logs/summary-2026-04-01.md
[2026-04-01 23:01:51] 未安装 GitHub CLI，跳过创建 Issue
[2026-04-01 23:01:51] 每日总结完成
[2026-04-01 23:01:51] 定时任务脚本初始化完成
[2026-04-01 23:15:00] 开始持续开发任务...
[2026-04-01 23:15:00] 持续开发任务完成
[2026-04-01 23:15:00] 定时任务脚本初始化完成
[2026-04-02 00:15:00] 开始持续开发任务...
[2026-04-02 00:15:00] 持续开发任务完成
[2026-04-02 00:15:00] 定时任务脚本初始化完成
[2026-04-02 01:15:00] 开始持续开发任务...
[2026-04-02 01:15:00] 持续开发任务完成
[2026-04-02 01:15:00] 定时任务脚本初始化完成
[2026-04-02 02:15:00] 开始持续开发任务...
[2026-04-02 02:15:00] 持续开发任务完成
[2026-04-02 02:15:00] 定时任务脚本初始化完成
[2026-04-02 03:15:00] 开始持续开发任务...
[2026-04-02 03:15:00] 持续开发任务完成
[2026-04-02 03:15:00] 定时任务脚本初始化完成
[2026-04-02 04:15:00] 开始持续开发任务...
[2026-04-02 04:15:00] 持续开发任务完成
[2026-04-02 04:15:00] 定时任务脚本初始化完成
[2026-04-02 05:15:00] 开始持续开发任务...
[2026-04-02 05:15:00] 持续开发任务完成
[2026-04-02 05:15:00] 定时任务脚本初始化完成
[2026-04-02 06:15:00] 开始持续开发任务...
[2026-04-02 06:15:00] 持续开发任务完成
[2026-04-02 06:15:00] 定时任务脚本初始化完成
[2026-04-02 07:15:00] 开始持续开发任务...
[2026-04-02 07:15:00] 持续开发任务完成
[2026-04-02 07:15:00] 定时任务脚本初始化完成
[2026-04-02 08:15:00] 开始持续开发任务...
[2026-04-02 08:15:00] 持续开发任务完成
[2026-04-02 08:15:00] 定时任务脚本初始化完成
[2026-04-02 09:00:00] 开始同步仓库...
[2026-04-02 09:01:31] 仓库同步失败或无需更新
[2026-04-02 09:01:31] 定时任务脚本初始化完成
[2026-04-02 09:15:00] 开始持续开发任务...
[2026-04-02 09:15:00] 持续开发任务完成
[2026-04-02 09:15:00] 定时任务脚本初始化完成
[2026-04-02 10:15:00] 开始持续开发任务...
[2026-04-02 10:15:00] 持续开发任务完成
[2026-04-02 10:15:00] 定时任务脚本初始化完成
[2026-04-02 10:30:00] 开始评估新想法...
[2026-04-02 10:30:00] 想法评估完成
[2026-04-02 10:30:00] 定时任务脚本初始化完成
[2026-04-02 11:15:00] 开始持续开发任务...
[2026-04-02 11:15:00] 持续开发任务完成
[2026-04-02 11:15:00] 定时任务脚本初始化完成
[2026-04-02 12:15:00] 开始持续开发任务...
[2026-04-02 12:15:00] 持续开发任务完成
[2026-04-02 12:15:00] 定时任务脚本初始化完成
[2026-04-02 13:15:00] 开始持续开发任务...
[2026-04-02 13:15:00] 持续开发任务完成
[2026-04-02 13:15:00] 定时任务脚本初始化完成
[2026-04-02 14:15:00] 开始持续开发任务...
[2026-04-02 14:15:00] 持续开发任务完成
[2026-04-02 14:15:00] 定时任务脚本初始化完成
[2026-04-02 15:15:00] 开始持续开发任务...
[2026-04-02 15:15:00] 持续开发任务完成
[2026-04-02 15:15:00] 定时任务脚本初始化完成
[2026-04-02 16:15:00] 开始持续开发任务...
[2026-04-02 16:15:00] 持续开发任务完成
[2026-04-02 16:15:00] 定时任务脚本初始化完成
[2026-04-02 17:15:00] 开始持续开发任务...
[2026-04-02 17:15:00] 持续开发任务完成
[2026-04-02 17:15:00] 定时任务脚本初始化完成
[2026-04-02 18:15:00] 开始持续开发任务...
[2026-04-02 18:15:00] 持续开发任务完成
[2026-04-02 18:15:00] 定时任务脚本初始化完成
[2026-04-02 19:15:00] 开始持续开发任务...
[2026-04-02 19:15:00] 持续开发任务完成
[2026-04-02 19:15:00] 定时任务脚本初始化完成
[2026-04-02 20:15:01] 开始持续开发任务...
[2026-04-02 20:15:01] 持续开发任务完成
[2026-04-02 20:15:01] 定时任务脚本初始化完成
[2026-04-02 21:15:00] 开始持续开发任务...
[2026-04-02 21:15:00] 持续开发任务完成
[2026-04-02 21:15:00] 定时任务脚本初始化完成
[2026-04-02 22:00:00] 开始每日反思和优化...
[2026-04-02 22:01:53] HEARTBEAT.md 已更新
[2026-04-02 22:01:53] 每日反思完成，报告已保存到: /Users/wangshihao/projects/openclaws/logs/reflection-2026-04-02.md
[2026-04-02 22:02:26] 定时任务脚本初始化完成
[2026-04-02 22:15:00] 开始持续开发任务...
[2026-04-02 22:15:00] 持续开发任务完成
[2026-04-02 22:15:00] 定时任务脚本初始化完成
[2026-04-02 23:00:00] 开始生成每日总结...
[2026-04-02 23:01:50] 总结文件已保存: /Users/wangshihao/projects/openclaws/logs/summary-2026-04-02.md
[2026-04-02 23:01:50] 未安装 GitHub CLI，跳过创建 Issue
[2026-04-02 23:01:50] 每日总结完成
[2026-04-02 23:01:50] 定时任务脚本初始化完成
[2026-04-02 23:15:00] 开始持续开发任务...
[2026-04-02 23:15:00] 持续开发任务完成
[2026-04-02 23:15:00] 定时任务脚本初始化完成
[2026-04-03 00:15:00] 开始持续开发任务...
[2026-04-03 00:15:00] 持续开发任务完成
[2026-04-03 00:15:00] 定时任务脚本初始化完成
[2026-04-03 01:15:00] 开始持续开发任务...
[2026-04-03 01:15:00] 持续开发任务完成
[2026-04-03 01:15:00] 定时任务脚本初始化完成
[2026-04-03 02:15:00] 开始持续开发任务...
[2026-04-03 02:15:00] 持续开发任务完成
[2026-04-03 02:15:00] 定时任务脚本初始化完成
[2026-04-03 03:15:00] 开始持续开发任务...
[2026-04-03 03:15:00] 持续开发任务完成
[2026-04-03 03:15:00] 定时任务脚本初始化完成
[2026-04-03 04:15:00] 开始持续开发任务...
[2026-04-03 04:15:00] 持续开发任务完成
[2026-04-03 04:15:00] 定时任务脚本初始化完成
[2026-04-03 05:15:00] 开始持续开发任务...
[2026-04-03 05:15:00] 持续开发任务完成
[2026-04-03 05:15:00] 定时任务脚本初始化完成
[2026-04-03 06:15:00] 开始持续开发任务...
[2026-04-03 06:15:00] 持续开发任务完成
[2026-04-03 06:15:00] 定时任务脚本初始化完成
[2026-04-03 07:15:00] 开始持续开发任务...
[2026-04-03 07:15:00] 持续开发任务完成
[2026-04-03 07:15:00] 定时任务脚本初始化完成
[2026-04-03 08:15:00] 开始持续开发任务...
[2026-04-03 08:15:00] 持续开发任务完成
[2026-04-03 08:15:00] 定时任务脚本初始化完成
[2026-04-03 09:00:00] 开始同步仓库...
[2026-04-03 09:00:03] 仓库同步成功
[2026-04-03 09:00:03] 定时任务脚本初始化完成
[2026-04-03 09:15:00] 开始持续开发任务...
[2026-04-03 09:15:00] 持续开发任务完成
[2026-04-03 09:15:00] 定时任务脚本初始化完成
[2026-04-03 10:15:00] 开始持续开发任务...
[2026-04-03 10:15:00] 持续开发任务完成
[2026-04-03 10:15:00] 定时任务脚本初始化完成
[2026-04-03 10:30:00] 开始评估新想法...
[2026-04-03 10:30:00] 想法评估完成
[2026-04-03 10:30:00] 定时任务脚本初始化完成
[2026-04-03 11:15:01] 开始持续开发任务...
[2026-04-03 11:15:01] 持续开发任务完成
[2026-04-03 11:15:01] 定时任务脚本初始化完成
[2026-04-03 12:15:00] 开始持续开发任务...
[2026-04-03 12:15:00] 持续开发任务完成
[2026-04-03 12:15:00] 定时任务脚本初始化完成
[2026-04-03 13:15:00] 开始持续开发任务...
[2026-04-03 13:15:00] 持续开发任务完成
[2026-04-03 13:15:00] 定时任务脚本初始化完成
[2026-04-03 14:15:00] 开始持续开发任务...
[2026-04-03 14:15:00] 持续开发任务完成
[2026-04-03 14:15:00] 定时任务脚本初始化完成
[2026-04-03 15:15:00] 开始持续开发任务...
[2026-04-03 15:15:00] 持续开发任务完成
[2026-04-03 15:15:00] 定时任务脚本初始化完成
[2026-04-03 16:15:00] 开始持续开发任务...
[2026-04-03 16:15:00] 持续开发任务完成
[2026-04-03 16:15:00] 定时任务脚本初始化完成
[2026-04-03 17:15:00] 开始持续开发任务...
[2026-04-03 17:15:01] 持续开发任务完成
[2026-04-03 17:15:01] 定时任务脚本初始化完成
[2026-04-03 18:15:00] 开始持续开发任务...
[2026-04-03 18:15:00] 持续开发任务完成
[2026-04-03 18:15:00] 定时任务脚本初始化完成
[2026-04-03 19:15:00] 开始持续开发任务...
[2026-04-03 19:15:00] 持续开发任务完成
[2026-04-03 19:15:00] 定时任务脚本初始化完成
[2026-04-03 20:15:00] 开始持续开发任务...
[2026-04-03 20:15:00] 持续开发任务完成
[2026-04-03 20:15:00] 定时任务脚本初始化完成
[2026-04-03 21:15:00] 开始持续开发任务...
[2026-04-03 21:15:00] 持续开发任务完成
[2026-04-03 21:15:00] 定时任务脚本初始化完成
[2026-04-03 22:00:00] 开始每日反思和优化...
[2026-04-03 22:01:48] HEARTBEAT.md 已更新
[2026-04-03 22:01:48] 每日反思完成，报告已保存到: /Users/wangshihao/projects/openclaws/logs/reflection-2026-04-03.md
[2026-04-03 22:02:21] 定时任务脚本初始化完成
[2026-04-03 22:15:00] 开始持续开发任务...
[2026-04-03 22:15:00] 持续开发任务完成
[2026-04-03 22:15:00] 定时任务脚本初始化完成
[2026-04-03 23:00:00] 开始生成每日总结...
[2026-04-03 23:01:48] 总结文件已保存: /Users/wangshihao/projects/openclaws/logs/summary-2026-04-03.md
[2026-04-03 23:01:48] 未安装 GitHub CLI，跳过创建 Issue
[2026-04-03 23:01:48] 每日总结完成
[2026-04-03 23:01:48] 定时任务脚本初始化完成
[2026-04-03 23:15:00] 开始持续开发任务...
[2026-04-03 23:15:00] 持续开发任务完成
[2026-04-03 23:15:00] 定时任务脚本初始化完成
[2026-04-04 00:15:00] 开始持续开发任务...
[2026-04-04 00:15:00] 持续开发任务完成
[2026-04-04 00:15:00] 定时任务脚本初始化完成
[2026-04-04 01:15:00] 开始持续开发任务...
[2026-04-04 01:15:00] 持续开发任务完成
[2026-04-04 01:15:00] 定时任务脚本初始化完成
[2026-04-04 02:15:00] 开始持续开发任务...
[2026-04-04 02:15:00] 持续开发任务完成
[2026-04-04 02:15:00] 定时任务脚本初始化完成
[2026-04-04 03:15:00] 开始持续开发任务...
[2026-04-04 03:15:00] 持续开发任务完成
[2026-04-04 03:15:00] 定时任务脚本初始化完成
[2026-04-04 04:15:00] 开始持续开发任务...
[2026-04-04 04:15:00] 持续开发任务完成
[2026-04-04 04:15:00] 定时任务脚本初始化完成
[2026-04-04 05:15:00] 开始持续开发任务...
[2026-04-04 05:15:00] 持续开发任务完成
[2026-04-04 05:15:00] 定时任务脚本初始化完成
[2026-04-04 06:15:00] 开始持续开发任务...
[2026-04-04 06:15:00] 持续开发任务完成
[2026-04-04 06:15:00] 定时任务脚本初始化完成
[2026-04-04 07:15:00] 开始持续开发任务...
[2026-04-04 07:15:00] 持续开发任务完成
[2026-04-04 07:15:00] 定时任务脚本初始化完成
[2026-04-04 08:15:00] 开始持续开发任务...
[2026-04-04 08:15:00] 持续开发任务完成
[2026-04-04 08:15:00] 定时任务脚本初始化完成
[2026-04-04 09:00:00] 开始同步仓库...
[2026-04-04 09:00:01] 仓库同步成功
[2026-04-04 09:00:01] 定时任务脚本初始化完成
[2026-04-04 09:15:00] 开始持续开发任务...
[2026-04-04 09:15:00] 持续开发任务完成
[2026-04-04 09:15:00] 定时任务脚本初始化完成
[2026-04-04 10:15:00] 开始持续开发任务...
[2026-04-04 10:15:00] 持续开发任务完成
[2026-04-04 10:15:00] 定时任务脚本初始化完成
[2026-04-04 10:30:00] 开始评估新想法...
[2026-04-04 10:30:00] 想法评估完成
[2026-04-04 10:30:00] 定时任务脚本初始化完成
[2026-04-04 11:15:00] 开始持续开发任务...
[2026-04-04 11:15:00] 持续开发任务完成
[2026-04-04 11:15:00] 定时任务脚本初始化完成
[2026-04-04 12:15:00] 开始持续开发任务...
[2026-04-04 12:15:00] 持续开发任务完成
[2026-04-04 12:15:00] 定时任务脚本初始化完成
[2026-04-04 13:15:00] 开始持续开发任务...
[2026-04-04 13:15:00] 持续开发任务完成
[2026-04-04 13:15:00] 定时任务脚本初始化完成
[2026-04-04 14:15:00] 开始持续开发任务...
[2026-04-04 14:15:01] 持续开发任务完成
[2026-04-04 14:15:01] 定时任务脚本初始化完成
[2026-04-04 15:15:00] 开始持续开发任务...
[2026-04-04 15:15:00] 持续开发任务完成
[2026-04-04 15:15:00] 定时任务脚本初始化完成
[2026-04-04 16:15:00] 开始持续开发任务...
[2026-04-04 16:15:00] 持续开发任务完成
[2026-04-04 16:15:00] 定时任务脚本初始化完成
[2026-04-04 17:15:00] 开始持续开发任务...
[2026-04-04 17:15:00] 持续开发任务完成
[2026-04-04 17:15:00] 定时任务脚本初始化完成
[2026-04-04 18:15:00] 开始持续开发任务...
[2026-04-04 18:15:00] 持续开发任务完成
[2026-04-04 18:15:00] 定时任务脚本初始化完成
[2026-04-04 19:15:00] 开始持续开发任务...
[2026-04-04 19:15:00] 持续开发任务完成
[2026-04-04 19:15:00] 定时任务脚本初始化完成
[2026-04-04 20:15:00] 开始持续开发任务...
[2026-04-04 20:15:00] 持续开发任务完成
[2026-04-04 20:15:00] 定时任务脚本初始化完成
[2026-04-04 21:15:00] 开始持续开发任务...
[2026-04-04 21:15:00] 持续开发任务完成
[2026-04-04 21:15:00] 定时任务脚本初始化完成
[2026-04-04 22:00:00] 开始每日反思和优化...
[2026-04-04 22:01:41] HEARTBEAT.md 已更新
[2026-04-04 22:01:41] 每日反思完成，报告已保存到: /Users/wangshihao/projects/openclaws/logs/reflection-2026-04-04.md
[2026-04-04 22:02:10] 定时任务脚本初始化完成
[2026-04-04 22:15:00] 开始持续开发任务...
[2026-04-04 22:15:00] 持续开发任务完成
[2026-04-04 22:15:00] 定时任务脚本初始化完成
[2026-04-04 23:00:01] 开始生成每日总结...
[2026-04-04 23:01:38] 总结文件已保存: /Users/wangshihao/projects/openclaws/logs/summary-2026-04-04.md
[2026-04-04 23:01:38] 未安装 GitHub CLI，跳过创建 Issue
[2026-04-04 23:01:38] 每日总结完成
[2026-04-04 23:01:38] 定时任务脚本初始化完成
[2026-04-04 23:15:01] 开始持续开发任务...
[2026-04-04 23:15:01] 持续开发任务完成
[2026-04-04 23:15:01] 定时任务脚本初始化完成
[2026-04-05 00:15:00] 开始持续开发任务...
[2026-04-05 00:15:00] 持续开发任务完成
[2026-04-05 00:15:00] 定时任务脚本初始化完成
[2026-04-05 01:15:00] 开始持续开发任务...
[2026-04-05 01:15:00] 持续开发任务完成
[2026-04-05 01:15:00] 定时任务脚本初始化完成
[2026-04-05 02:15:00] 开始持续开发任务...
[2026-04-05 02:15:00] 持续开发任务完成
[2026-04-05 02:15:00] 定时任务脚本初始化完成
[2026-04-05 03:15:00] 开始持续开发任务...
[2026-04-05 03:15:00] 持续开发任务完成
[2026-04-05 03:15:00] 定时任务脚本初始化完成
[2026-04-05 04:15:00] 开始持续开发任务...
[2026-04-05 04:15:00] 持续开发任务完成
[2026-04-05 04:15:00] 定时任务脚本初始化完成
[2026-04-05 05:15:00] 开始持续开发任务...
[2026-04-05 05:15:00] 持续开发任务完成
[2026-04-05 05:15:00] 定时任务脚本初始化完成
[2026-04-05 06:15:00] 开始持续开发任务...
[2026-04-05 06:15:00] 持续开发任务完成
[2026-04-05 06:15:00] 定时任务脚本初始化完成
[2026-04-05 07:15:01] 开始持续开发任务...
[2026-04-05 07:15:01] 持续开发任务完成
[2026-04-05 07:15:01] 定时任务脚本初始化完成
[2026-04-05 08:15:01] 开始持续开发任务...
[2026-04-05 08:15:01] 持续开发任务完成
[2026-04-05 08:15:01] 定时任务脚本初始化完成
[2026-04-05 09:00:00] 开始同步仓库...
[2026-04-05 09:00:01] 仓库同步成功
[2026-04-05 09:00:01] 定时任务脚本初始化完成
[2026-04-05 09:15:00] 开始持续开发任务...
[2026-04-05 09:15:00] 持续开发任务完成
[2026-04-05 09:15:00] 定时任务脚本初始化完成
[2026-04-05 10:15:00] 开始持续开发任务...
[2026-04-05 10:15:00] 持续开发任务完成
[2026-04-05 10:15:00] 定时任务脚本初始化完成
[2026-04-05 10:30:01] 开始评估新想法...
[2026-04-05 10:30:01] 想法评估完成
[2026-04-05 10:30:01] 定时任务脚本初始化完成
[2026-04-05 11:15:00] 开始持续开发任务...
[2026-04-05 11:15:00] 持续开发任务完成
[2026-04-05 11:15:00] 定时任务脚本初始化完成
[2026-04-05 12:15:00] 开始持续开发任务...
[2026-04-05 12:15:00] 持续开发任务完成
[2026-04-05 12:15:00] 定时任务脚本初始化完成
[2026-04-05 13:15:00] 开始持续开发任务...
[2026-04-05 13:15:00] 持续开发任务完成
[2026-04-05 13:15:00] 定时任务脚本初始化完成
[2026-04-05 14:15:00] 开始持续开发任务...
[2026-04-05 14:15:00] 持续开发任务完成
[2026-04-05 14:15:00] 定时任务脚本初始化完成
[2026-04-05 15:15:00] 开始持续开发任务...
[2026-04-05 15:15:00] 持续开发任务完成
[2026-04-05 15:15:00] 定时任务脚本初始化完成
[2026-04-05 16:15:00] 开始持续开发任务...
[2026-04-05 16:15:00] 持续开发任务完成
[2026-04-05 16:15:00] 定时任务脚本初始化完成
[2026-04-05 17:15:00] 开始持续开发任务...
[2026-04-05 17:15:00] 持续开发任务完成
[2026-04-05 17:15:00] 定时任务脚本初始化完成
[2026-04-05 18:15:00] 开始持续开发任务...
[2026-04-05 18:15:00] 持续开发任务完成
[2026-04-05 18:15:00] 定时任务脚本初始化完成
[2026-04-05 19:15:00] 开始持续开发任务...
[2026-04-05 19:15:00] 持续开发任务完成
[2026-04-05 19:15:00] 定时任务脚本初始化完成
[2026-04-05 20:15:00] 开始持续开发任务...
[2026-04-05 20:15:00] 持续开发任务完成
[2026-04-05 20:15:00] 定时任务脚本初始化完成
[2026-04-05 21:15:00] 开始持续开发任务...
[2026-04-05 21:15:00] 持续开发任务完成
[2026-04-05 21:15:00] 定时任务脚本初始化完成
[2026-04-05 22:00:00] 开始每日反思和优化...
[2026-04-05 22:01:59] HEARTBEAT.md 已更新
[2026-04-05 22:01:59] 每日反思完成，报告已保存到: /Users/wangshihao/projects/openclaws/logs/reflection-2026-04-05.md
[2026-04-05 22:02:36] 定时任务脚本初始化完成
[2026-04-05 22:15:00] 开始持续开发任务...
[2026-04-05 22:15:00] 持续开发任务完成
[2026-04-05 22:15:00] 定时任务脚本初始化完成
[2026-04-05 23:00:01] 开始生成每日总结...
[2026-04-05 23:01:59] 总结文件已保存: /Users/wangshihao/projects/openclaws/logs/summary-2026-04-05.md
[2026-04-05 23:01:59] 未安装 GitHub CLI，跳过创建 Issue
[2026-04-05 23:01:59] 每日总结完成
[2026-04-05 23:01:59] 定时任务脚本初始化完成
[2026-04-05 23:15:00] 开始持续开发任务...
[2026-04-05 23:15:00] 持续开发任务完成
[2026-04-05 23:15:00] 定时任务脚本初始化完成
[2026-04-06 00:15:00] 开始持续开发任务...
[2026-04-06 00:15:00] 持续开发任务完成
[2026-04-06 00:15:00] 定时任务脚本初始化完成
[2026-04-06 01:15:01] 开始持续开发任务...
[2026-04-06 01:15:01] 持续开发任务完成
[2026-04-06 01:15:01] 定时任务脚本初始化完成
[2026-04-06 02:15:00] 开始持续开发任务...
[2026-04-06 02:15:00] 持续开发任务完成
[2026-04-06 02:15:00] 定时任务脚本初始化完成
[2026-04-06 03:15:00] 开始持续开发任务...
[2026-04-06 03:15:00] 持续开发任务完成
[2026-04-06 03:15:00] 定时任务脚本初始化完成
[2026-04-06 04:15:00] 开始持续开发任务...
[2026-04-06 04:15:00] 持续开发任务完成
[2026-04-06 04:15:00] 定时任务脚本初始化完成
[2026-04-06 05:15:00] 开始持续开发任务...
[2026-04-06 05:15:00] 持续开发任务完成
[2026-04-06 05:15:00] 定时任务脚本初始化完成
[2026-04-06 06:15:00] 开始持续开发任务...
[2026-04-06 06:15:00] 持续开发任务完成
[2026-04-06 06:15:00] 定时任务脚本初始化完成
[2026-04-06 07:15:00] 开始持续开发任务...
[2026-04-06 07:15:00] 持续开发任务完成
[2026-04-06 07:15:00] 定时任务脚本初始化完成
[2026-04-06 08:15:00] 开始持续开发任务...
[2026-04-06 08:15:00] 持续开发任务完成
[2026-04-06 08:15:00] 定时任务脚本初始化完成
[2026-04-06 09:00:00] 开始同步仓库...
[2026-04-06 09:00:04] 仓库同步成功
[2026-04-06 09:00:04] 定时任务脚本初始化完成
[2026-04-06 09:15:00] 开始持续开发任务...
[2026-04-06 09:15:00] 持续开发任务完成
[2026-04-06 09:15:00] 定时任务脚本初始化完成
[2026-04-06 10:15:01] 开始持续开发任务...
[2026-04-06 10:15:01] 持续开发任务完成
[2026-04-06 10:15:01] 定时任务脚本初始化完成
[2026-04-06 10:30:00] 开始评估新想法...
[2026-04-06 10:30:00] 想法评估完成
[2026-04-06 10:30:00] 定时任务脚本初始化完成
[2026-04-06 11:15:00] 开始持续开发任务...
[2026-04-06 11:15:00] 持续开发任务完成
[2026-04-06 11:15:00] 定时任务脚本初始化完成
[2026-04-06 12:15:00] 开始持续开发任务...
[2026-04-06 12:15:00] 持续开发任务完成
[2026-04-06 12:15:00] 定时任务脚本初始化完成
[2026-04-06 13:15:00] 开始持续开发任务...
[2026-04-06 13:15:00] 持续开发任务完成
[2026-04-06 13:15:00] 定时任务脚本初始化完成
[2026-04-06 14:15:00] 开始持续开发任务...
[2026-04-06 14:15:01] 持续开发任务完成
[2026-04-06 14:15:01] 定时任务脚本初始化完成
[2026-04-06 15:15:01] 开始持续开发任务...
[2026-04-06 15:15:01] 持续开发任务完成
[2026-04-06 15:15:01] 定时任务脚本初始化完成
[2026-04-06 16:15:00] 开始持续开发任务...
[2026-04-06 16:15:00] 持续开发任务完成
[2026-04-06 16:15:00] 定时任务脚本初始化完成
[2026-04-06 17:15:00] 开始持续开发任务...
[2026-04-06 17:15:00] 持续开发任务完成
[2026-04-06 17:15:00] 定时任务脚本初始化完成
[2026-04-06 18:15:00] 开始持续开发任务...
[2026-04-06 18:15:00] 持续开发任务完成
[2026-04-06 18:15:00] 定时任务脚本初始化完成
[2026-04-06 19:15:00] 开始持续开发任务...
[2026-04-06 19:15:00] 持续开发任务完成
[2026-04-06 19:15:00] 定时任务脚本初始化完成
[2026-04-06 20:15:00] 开始持续开发任务...
[2026-04-06 20:15:00] 持续开发任务完成
[2026-04-06 20:15:00] 定时任务脚本初始化完成
[2026-04-06 21:15:00] 开始持续开发任务...
[2026-04-06 21:15:00] 持续开发任务完成
[2026-04-06 21:15:00] 定时任务脚本初始化完成
[2026-04-06 22:00:00] 开始每日反思和优化...
[2026-04-06 22:02:08] HEARTBEAT.md 已更新
[2026-04-06 22:02:08] 每日反思完成，报告已保存到: /Users/wangshihao/projects/openclaws/logs/reflection-2026-04-06.md
[2026-04-06 22:02:48] 定时任务脚本初始化完成
[2026-04-06 22:15:00] 开始持续开发任务...
[2026-04-06 22:15:00] 持续开发任务完成
[2026-04-06 22:15:00] 定时任务脚本初始化完成
[2026-04-06 23:00:00] 开始生成每日总结...
[2026-04-06 23:02:08] 总结文件已保存: /Users/wangshihao/projects/openclaws/logs/summary-2026-04-06.md
[2026-04-06 23:02:08] 未安装 GitHub CLI，跳过创建 Issue
[2026-04-06 23:02:08] 每日总结完成
[2026-04-06 23:02:08] 定时任务脚本初始化完成
[2026-04-06 23:15:00] 开始持续开发任务...
[2026-04-06 23:15:00] 持续开发任务完成
[2026-04-06 23:15:00] 定时任务脚本初始化完成
[2026-04-07 00:15:00] 开始持续开发任务...
[2026-04-07 00:15:00] 持续开发任务完成
[2026-04-07 00:15:00] 定时任务脚本初始化完成
[2026-04-07 01:15:00] 开始持续开发任务...
[2026-04-07 01:15:00] 持续开发任务完成
[2026-04-07 01:15:00] 定时任务脚本初始化完成
[2026-04-07 02:15:00] 开始持续开发任务...
[2026-04-07 02:15:00] 持续开发任务完成
[2026-04-07 02:15:00] 定时任务脚本初始化完成
[2026-04-07 03:15:00] 开始持续开发任务...
[2026-04-07 03:15:00] 持续开发任务完成
[2026-04-07 03:15:00] 定时任务脚本初始化完成
[2026-04-07 04:15:00] 开始持续开发任务...
[2026-04-07 04:15:00] 持续开发任务完成
[2026-04-07 04:15:00] 定时任务脚本初始化完成
[2026-04-07 05:15:00] 开始持续开发任务...
[2026-04-07 05:15:00] 持续开发任务完成
[2026-04-07 05:15:00] 定时任务脚本初始化完成
[2026-04-07 06:15:00] 开始持续开发任务...
[2026-04-07 06:15:00] 持续开发任务完成
[2026-04-07 06:15:00] 定时任务脚本初始化完成
[2026-04-07 07:15:00] 开始持续开发任务...
[2026-04-07 07:15:00] 持续开发任务完成
[2026-04-07 07:15:00] 定时任务脚本初始化完成
[2026-04-07 08:15:01] 开始持续开发任务...
[2026-04-07 08:15:01] 持续开发任务完成
[2026-04-07 08:15:01] 定时任务脚本初始化完成
[2026-04-07 09:00:00] 开始同步仓库...
[2026-04-07 09:00:02] 仓库同步失败或无需更新
[2026-04-07 09:00:02] 定时任务脚本初始化完成
[2026-04-07 09:15:00] 开始持续开发任务...
[2026-04-07 09:15:00] 持续开发任务完成
[2026-04-07 09:15:00] 定时任务脚本初始化完成
[2026-04-07 10:15:00] 开始持续开发任务...
[2026-04-07 10:15:00] 持续开发任务完成
[2026-04-07 10:15:00] 定时任务脚本初始化完成
[2026-04-07 10:30:00] 开始评估新想法...
[2026-04-07 10:30:00] 想法评估完成
[2026-04-07 10:30:00] 定时任务脚本初始化完成
[2026-04-07 11:15:00] 开始持续开发任务...
[2026-04-07 11:15:00] 持续开发任务完成
[2026-04-07 11:15:00] 定时任务脚本初始化完成
[2026-04-07 12:15:00] 开始持续开发任务...
[2026-04-07 12:15:00] 持续开发任务完成
[2026-04-07 12:15:00] 定时任务脚本初始化完成
[2026-04-07 13:15:00] 开始持续开发任务...
[2026-04-07 13:15:00] 持续开发任务完成
[2026-04-07 13:15:00] 定时任务脚本初始化完成
[2026-04-07 14:15:00] 开始持续开发任务...
[2026-04-07 14:15:00] 持续开发任务完成
[2026-04-07 14:15:00] 定时任务脚本初始化完成
[2026-04-07 15:15:00] 开始持续开发任务...
[2026-04-07 15:15:00] 持续开发任务完成
[2026-04-07 15:15:00] 定时任务脚本初始化完成
[2026-04-07 16:15:00] 开始持续开发任务...
[2026-04-07 16:15:00] 持续开发任务完成
[2026-04-07 16:15:00] 定时任务脚本初始化完成
[2026-04-07 17:15:00] 开始持续开发任务...
[2026-04-07 17:15:00] 持续开发任务完成
[2026-04-07 17:15:00] 定时任务脚本初始化完成
[2026-04-07 18:15:01] 开始持续开发任务...
[2026-04-07 18:15:01] 持续开发任务完成
[2026-04-07 18:15:01] 定时任务脚本初始化完成
[2026-04-07 19:15:00] 开始持续开发任务...
[2026-04-07 19:15:00] 持续开发任务完成
[2026-04-07 19:15:01] 定时任务脚本初始化完成
[2026-04-07 20:15:00] 开始持续开发任务...
[2026-04-07 20:15:00] 持续开发任务完成
[2026-04-07 20:15:00] 定时任务脚本初始化完成
[2026-04-07 21:15:00] 开始持续开发任务...
[2026-04-07 21:15:00] 持续开发任务完成
[2026-04-07 21:15:00] 定时任务脚本初始化完成
[2026-04-07 22:00:00] 开始每日反思和优化...
[2026-04-07 22:02:01] HEARTBEAT.md 已更新
[2026-04-07 22:02:01] 每日反思完成，报告已保存到: /Users/wangshihao/projects/openclaws/logs/reflection-2026-04-07.md
[2026-04-07 22:02:37] 定时任务脚本初始化完成
[2026-04-07 22:15:00] 开始持续开发任务...
[2026-04-07 22:15:00] 持续开发任务完成
[2026-04-07 22:15:00] 定时任务脚本初始化完成
[2026-04-07 23:00:00] 开始生成每日总结...
[2026-04-07 23:02:01] 总结文件已保存: /Users/wangshihao/projects/openclaws/logs/summary-2026-04-07.md
[2026-04-07 23:02:01] 未安装 GitHub CLI，跳过创建 Issue
[2026-04-07 23:02:01] 每日总结完成
[2026-04-07 23:02:01] 定时任务脚本初始化完成
[2026-04-07 23:15:01] 开始持续开发任务...
[2026-04-07 23:15:01] 持续开发任务完成
[2026-04-07 23:15:01] 定时任务脚本初始化完成
[2026-04-08 00:15:00] 开始持续开发任务...
[2026-04-08 00:15:00] 持续开发任务完成
[2026-04-08 00:15:00] 定时任务脚本初始化完成
[2026-04-08 01:15:00] 开始持续开发任务...
[2026-04-08 01:15:00] 持续开发任务完成
[2026-04-08 01:15:00] 定时任务脚本初始化完成
[2026-04-08 02:15:00] 开始持续开发任务...
[2026-04-08 02:15:00] 持续开发任务完成
[2026-04-08 02:15:00] 定时任务脚本初始化完成
[2026-04-08 03:15:00] 开始持续开发任务...
[2026-04-08 03:15:00] 持续开发任务完成
[2026-04-08 03:15:00] 定时任务脚本初始化完成
[2026-04-08 04:15:00] 开始持续开发任务...
[2026-04-08 04:15:00] 持续开发任务完成
[2026-04-08 04:15:00] 定时任务脚本初始化完成
[2026-04-08 05:15:00] 开始持续开发任务...
[2026-04-08 05:15:00] 持续开发任务完成
[2026-04-08 05:15:00] 定时任务脚本初始化完成
[2026-04-08 06:15:00] 开始持续开发任务...
[2026-04-08 06:15:00] 持续开发任务完成
[2026-04-08 06:15:00] 定时任务脚本初始化完成
[2026-04-08 07:15:00] 开始持续开发任务...
[2026-04-08 07:15:00] 持续开发任务完成
[2026-04-08 07:15:00] 定时任务脚本初始化完成
[2026-04-08 08:15:00] 开始持续开发任务...
[2026-04-08 08:15:00] 持续开发任务完成
[2026-04-08 08:15:00] 定时任务脚本初始化完成
[2026-04-08 09:00:01] 开始同步仓库...
[2026-04-08 09:00:02] 仓库同步失败或无需更新
[2026-04-08 09:00:02] 定时任务脚本初始化完成
[2026-04-08 09:15:00] 开始持续开发任务...
[2026-04-08 09:15:00] 持续开发任务完成
[2026-04-08 09:15:00] 定时任务脚本初始化完成
[2026-04-08 10:15:00] 开始持续开发任务...
[2026-04-08 10:15:00] 持续开发任务完成
[2026-04-08 10:15:00] 定时任务脚本初始化完成
[2026-04-08 10:30:00] 开始评估新想法...
[2026-04-08 10:30:00] 想法评估完成
[2026-04-08 10:30:00] 定时任务脚本初始化完成
[2026-04-08 11:15:00] 开始持续开发任务...
[2026-04-08 11:15:00] 持续开发任务完成
[2026-04-08 11:15:00] 定时任务脚本初始化完成
[2026-04-08 12:15:00] 开始持续开发任务...
[2026-04-08 12:15:00] 持续开发任务完成
[2026-04-08 12:15:00] 定时任务脚本初始化完成
[2026-04-08 13:15:00] 开始持续开发任务...
[2026-04-08 13:15:00] 持续开发任务完成
[2026-04-08 13:15:00] 定时任务脚本初始化完成
[2026-04-08 14:15:01] 开始持续开发任务...
[2026-04-08 14:15:01] 持续开发任务完成
[2026-04-08 14:15:01] 定时任务脚本初始化完成
[2026-04-08 15:15:00] 开始持续开发任务...
[2026-04-08 15:15:00] 持续开发任务完成
[2026-04-08 15:15:00] 定时任务脚本初始化完成
[2026-04-08 16:15:00] 开始持续开发任务...
[2026-04-08 16:15:00] 持续开发任务完成
[2026-04-08 16:15:00] 定时任务脚本初始化完成
[2026-04-08 17:15:00] 开始持续开发任务...
[2026-04-08 17:15:00] 持续开发任务完成
[2026-04-08 17:15:00] 定时任务脚本初始化完成
[2026-04-08 18:15:00] 开始持续开发任务...
[2026-04-08 18:15:00] 持续开发任务完成
[2026-04-08 18:15:00] 定时任务脚本初始化完成
[2026-04-08 19:15:00] 开始持续开发任务...
[2026-04-08 19:15:00] 持续开发任务完成
[2026-04-08 19:15:00] 定时任务脚本初始化完成
[2026-04-08 20:15:00] 开始持续开发任务...
[2026-04-08 20:15:00] 持续开发任务完成
[2026-04-08 20:15:00] 定时任务脚本初始化完成
[2026-04-08 21:15:00] 开始持续开发任务...
[2026-04-08 21:15:00] 持续开发任务完成
[2026-04-08 21:15:00] 定时任务脚本初始化完成
[2026-04-08 22:00:00] 开始每日反思和优化...
[2026-04-08 22:01:54] HEARTBEAT.md 已更新
[2026-04-08 22:01:54] 每日反思完成，报告已保存到: /Users/wangshihao/projects/openclaws/logs/reflection-2026-04-08.md
[2026-04-08 22:02:26] 定时任务脚本初始化完成
[2026-04-08 22:15:00] 开始持续开发任务...
[2026-04-08 22:15:00] 持续开发任务完成
[2026-04-08 22:15:00] 定时任务脚本初始化完成
[2026-04-08 23:00:00] 开始生成每日总结...
[2026-04-08 23:01:59] 总结文件已保存: /Users/wangshihao/projects/openclaws/logs/summary-2026-04-08.md
[2026-04-08 23:01:59] 未安装 GitHub CLI，跳过创建 Issue
[2026-04-08 23:01:59] 每日总结完成
[2026-04-08 23:01:59] 定时任务脚本初始化完成
[2026-04-08 23:15:00] 开始持续开发任务...
[2026-04-08 23:15:00] 持续开发任务完成
[2026-04-08 23:15:00] 定时任务脚本初始化完成
[2026-04-09 00:15:00] 开始持续开发任务...
[2026-04-09 00:15:00] 持续开发任务完成
[2026-04-09 00:15:00] 定时任务脚本初始化完成
[2026-04-09 01:15:00] 开始持续开发任务...
[2026-04-09 01:15:00] 持续开发任务完成
[2026-04-09 01:15:00] 定时任务脚本初始化完成
[2026-04-09 02:15:01] 开始持续开发任务...
[2026-04-09 02:15:01] 持续开发任务完成
[2026-04-09 02:15:01] 定时任务脚本初始化完成
[2026-04-09 03:15:00] 开始持续开发任务...
[2026-04-09 03:15:00] 持续开发任务完成
[2026-04-09 03:15:00] 定时任务脚本初始化完成
[2026-04-09 04:15:00] 开始持续开发任务...
[2026-04-09 04:15:00] 持续开发任务完成
[2026-04-09 04:15:00] 定时任务脚本初始化完成
[2026-04-09 05:15:00] 开始持续开发任务...
[2026-04-09 05:15:00] 持续开发任务完成
[2026-04-09 05:15:00] 定时任务脚本初始化完成
[2026-04-09 06:15:00] 开始持续开发任务...
[2026-04-09 06:15:00] 持续开发任务完成
[2026-04-09 06:15:00] 定时任务脚本初始化完成
[2026-04-09 07:15:00] 开始持续开发任务...
[2026-04-09 07:15:00] 持续开发任务完成
[2026-04-09 07:15:00] 定时任务脚本初始化完成
[2026-04-09 08:15:00] 开始持续开发任务...
[2026-04-09 08:15:00] 持续开发任务完成
[2026-04-09 08:15:00] 定时任务脚本初始化完成
[2026-04-09 09:00:00] 开始同步仓库...
[2026-04-09 09:00:02] 仓库同步失败或无需更新
[2026-04-09 09:00:02] 定时任务脚本初始化完成
[2026-04-09 09:15:00] 开始持续开发任务...
[2026-04-09 09:15:00] 持续开发任务完成
[2026-04-09 09:15:00] 定时任务脚本初始化完成
[2026-04-09 10:15:00] 开始持续开发任务...
[2026-04-09 10:15:00] 持续开发任务完成
[2026-04-09 10:15:00] 定时任务脚本初始化完成
[2026-04-09 10:30:00] 开始评估新想法...
[2026-04-09 10:30:00] 想法评估完成
[2026-04-09 10:30:00] 定时任务脚本初始化完成
[2026-04-09 11:15:00] 开始持续开发任务...
[2026-04-09 11:15:00] 持续开发任务完成
[2026-04-09 11:15:00] 定时任务脚本初始化完成
[2026-04-09 12:15:00] 开始持续开发任务...
[2026-04-09 12:15:00] 持续开发任务完成
[2026-04-09 12:15:00] 定时任务脚本初始化完成
[2026-04-09 13:15:00] 开始持续开发任务...
[2026-04-09 13:15:00] 持续开发任务完成
[2026-04-09 13:15:00] 定时任务脚本初始化完成
[2026-04-09 14:15:00] 开始持续开发任务...
[2026-04-09 14:15:00] 持续开发任务完成
[2026-04-09 14:15:00] 定时任务脚本初始化完成
[2026-04-09 15:15:00] 开始持续开发任务...
[2026-04-09 15:15:00] 持续开发任务完成
[2026-04-09 15:15:00] 定时任务脚本初始化完成
[2026-04-09 16:15:00] 开始持续开发任务...
[2026-04-09 16:15:00] 持续开发任务完成
[2026-04-09 16:15:00] 定时任务脚本初始化完成
[2026-04-09 17:15:00] 开始持续开发任务...
[2026-04-09 17:15:00] 持续开发任务完成
[2026-04-09 17:15:00] 定时任务脚本初始化完成
[2026-04-09 18:15:00] 开始持续开发任务...
[2026-04-09 18:15:00] 持续开发任务完成
[2026-04-09 18:15:00] 定时任务脚本初始化完成
[2026-04-09 19:15:00] 开始持续开发任务...
[2026-04-09 19:15:00] 持续开发任务完成
[2026-04-09 19:15:00] 定时任务脚本初始化完成
[2026-04-09 20:15:00] 开始持续开发任务...
[2026-04-09 20:15:00] 持续开发任务完成
[2026-04-09 20:15:00] 定时任务脚本初始化完成
[2026-04-09 21:15:00] 开始持续开发任务...
[2026-04-09 21:15:00] 持续开发任务完成
[2026-04-09 21:15:00] 定时任务脚本初始化完成
[2026-04-09 22:00:00] 开始每日反思和优化...
[2026-04-09 22:02:27] HEARTBEAT.md 已更新
[2026-04-09 22:02:27] 每日反思完成，报告已保存到: /Users/wangshihao/projects/openclaws/logs/reflection-2026-04-09.md
[2026-04-09 22:03:09] 定时任务脚本初始化完成
[2026-04-09 22:15:00] 开始持续开发任务...
[2026-04-09 22:15:00] 持续开发任务完成
[2026-04-09 22:15:00] 定时任务脚本初始化完成
[2026-04-09 23:00:00] 开始生成每日总结...
[2026-04-09 23:02:26] 总结文件已保存: /Users/wangshihao/projects/openclaws/logs/summary-2026-04-09.md
[2026-04-09 23:02:26] 未安装 GitHub CLI，跳过创建 Issue
[2026-04-09 23:02:26] 每日总结完成
[2026-04-09 23:02:26] 定时任务脚本初始化完成
[2026-04-09 23:15:00] 开始持续开发任务...
[2026-04-09 23:15:00] 持续开发任务完成
[2026-04-09 23:15:00] 定时任务脚本初始化完成
[2026-04-10 00:15:00] 开始持续开发任务...
[2026-04-10 00:15:00] 持续开发任务完成
[2026-04-10 00:15:00] 定时任务脚本初始化完成
[2026-04-10 01:15:00] 开始持续开发任务...
[2026-04-10 01:15:00] 持续开发任务完成
[2026-04-10 01:15:00] 定时任务脚本初始化完成
[2026-04-10 02:15:00] 开始持续开发任务...
[2026-04-10 02:15:00] 持续开发任务完成
[2026-04-10 02:15:00] 定时任务脚本初始化完成
[2026-04-10 03:15:00] 开始持续开发任务...
[2026-04-10 03:15:00] 持续开发任务完成
[2026-04-10 03:15:00] 定时任务脚本初始化完成
[2026-04-10 04:15:00] 开始持续开发任务...
[2026-04-10 04:15:00] 持续开发任务完成
[2026-04-10 04:15:00] 定时任务脚本初始化完成
[2026-04-10 05:15:00] 开始持续开发任务...
[2026-04-10 05:15:00] 持续开发任务完成
[2026-04-10 05:15:00] 定时任务脚本初始化完成
[2026-04-10 06:15:00] 开始持续开发任务...
[2026-04-10 06:15:00] 持续开发任务完成
[2026-04-10 06:15:00] 定时任务脚本初始化完成
[2026-04-10 07:15:00] 开始持续开发任务...
[2026-04-10 07:15:00] 持续开发任务完成
[2026-04-10 07:15:00] 定时任务脚本初始化完成
[2026-04-10 08:15:00] 开始持续开发任务...
[2026-04-10 08:15:00] 持续开发任务完成
[2026-04-10 08:15:00] 定时任务脚本初始化完成
[2026-04-10 09:00:00] 开始同步仓库...
[2026-04-10 09:00:01] 仓库同步失败或无需更新
[2026-04-10 09:00:01] 定时任务脚本初始化完成
[2026-04-10 09:15:00] 开始持续开发任务...
[2026-04-10 09:15:00] 持续开发任务完成
[2026-04-10 09:15:00] 定时任务脚本初始化完成
[2026-04-10 10:15:00] 开始持续开发任务...
[2026-04-10 10:15:00] 持续开发任务完成
[2026-04-10 10:15:00] 定时任务脚本初始化完成
[2026-04-10 10:30:00] 开始评估新想法...
[2026-04-10 10:30:00] 想法评估完成
[2026-04-10 10:30:00] 定时任务脚本初始化完成
[2026-04-10 11:15:00] 开始持续开发任务...
[2026-04-10 11:15:00] 持续开发任务完成
[2026-04-10 11:15:00] 定时任务脚本初始化完成
[2026-04-10 12:15:00] 开始持续开发任务...
[2026-04-10 12:15:00] 持续开发任务完成
[2026-04-10 12:15:00] 定时任务脚本初始化完成
[2026-04-10 13:15:00] 开始持续开发任务...
[2026-04-10 13:15:00] 持续开发任务完成
[2026-04-10 13:15:00] 定时任务脚本初始化完成
[2026-04-10 14:15:01] 开始持续开发任务...
[2026-04-10 14:15:01] 持续开发任务完成
[2026-04-10 14:15:01] 定时任务脚本初始化完成
[2026-04-10 15:15:00] 开始持续开发任务...
[2026-04-10 15:15:00] 持续开发任务完成
[2026-04-10 15:15:00] 定时任务脚本初始化完成
[2026-04-10 16:15:00] 开始持续开发任务...
[2026-04-10 16:15:00] 持续开发任务完成
[2026-04-10 16:15:01] 定时任务脚本初始化完成
[2026-04-10 17:15:00] 开始持续开发任务...
[2026-04-10 17:15:00] 持续开发任务完成
[2026-04-10 17:15:00] 定时任务脚本初始化完成
[2026-04-10 18:15:01] 开始持续开发任务...
[2026-04-10 18:15:01] 持续开发任务完成
[2026-04-10 18:15:01] 定时任务脚本初始化完成
[2026-04-10 19:15:00] 开始持续开发任务...
[2026-04-10 19:15:00] 持续开发任务完成
[2026-04-10 19:15:00] 定时任务脚本初始化完成
[2026-04-10 20:15:00] 开始持续开发任务...
[2026-04-10 20:15:00] 持续开发任务完成
[2026-04-10 20:15:00] 定时任务脚本初始化完成
[2026-04-10 21:15:00] 开始持续开发任务...
[2026-04-10 21:15:00] 持续开发任务完成
[2026-04-10 21:15:00] 定时任务脚本初始化完成
[2026-04-10 22:00:00] 开始每日反思和优化...
[2026-04-10 22:02:07] HEARTBEAT.md 已更新
[2026-04-10 22:02:07] 每日反思完成，报告已保存到: /Users/wangshihao/projects/openclaws/logs/reflection-2026-04-10.md
[2026-04-10 22:02:42] 定时任务脚本初始化完成
[2026-04-10 22:15:00] 开始持续开发任务...
[2026-04-10 22:15:00] 持续开发任务完成
[2026-04-10 22:15:00] 定时任务脚本初始化完成
[2026-04-10 23:00:00] 开始生成每日总结...
[2026-04-10 23:02:04] 总结文件已保存: /Users/wangshihao/projects/openclaws/logs/summary-2026-04-10.md
[2026-04-10 23:02:04] 未安装 GitHub CLI，跳过创建 Issue
[2026-04-10 23:02:04] 每日总结完成
[2026-04-10 23:02:04] 定时任务脚本初始化完成
[2026-04-10 23:15:00] 开始持续开发任务...
[2026-04-10 23:15:00] 持续开发任务完成
[2026-04-10 23:15:00] 定时任务脚本初始化完成
[2026-04-11 00:15:00] 开始持续开发任务...
[2026-04-11 00:15:00] 持续开发任务完成
[2026-04-11 00:15:00] 定时任务脚本初始化完成
[2026-04-11 01:15:00] 开始持续开发任务...
[2026-04-11 01:15:00] 持续开发任务完成
[2026-04-11 01:15:00] 定时任务脚本初始化完成
[2026-04-11 02:15:00] 开始持续开发任务...
[2026-04-11 02:15:00] 持续开发任务完成
[2026-04-11 02:15:00] 定时任务脚本初始化完成
[2026-04-11 03:15:01] 开始持续开发任务...
[2026-04-11 03:15:01] 持续开发任务完成
[2026-04-11 03:15:01] 定时任务脚本初始化完成
[2026-04-11 04:15:00] 开始持续开发任务...
[2026-04-11 04:15:00] 持续开发任务完成
[2026-04-11 04:15:00] 定时任务脚本初始化完成
[2026-04-11 05:15:00] 开始持续开发任务...
[2026-04-11 05:15:00] 持续开发任务完成
[2026-04-11 05:15:00] 定时任务脚本初始化完成
[2026-04-11 06:15:00] 开始持续开发任务...
[2026-04-11 06:15:00] 持续开发任务完成
[2026-04-11 06:15:00] 定时任务脚本初始化完成
[2026-04-11 07:15:00] 开始持续开发任务...
[2026-04-11 07:15:00] 持续开发任务完成
[2026-04-11 07:15:00] 定时任务脚本初始化完成
[2026-04-11 08:15:00] 开始持续开发任务...
[2026-04-11 08:15:00] 持续开发任务完成
[2026-04-11 08:15:00] 定时任务脚本初始化完成
[2026-04-11 09:00:00] 开始同步仓库...
[2026-04-11 09:00:02] 仓库同步失败或无需更新
[2026-04-11 09:00:02] 定时任务脚本初始化完成
[2026-04-11 09:15:00] 开始持续开发任务...
[2026-04-11 09:15:00] 持续开发任务完成
[2026-04-11 09:15:00] 定时任务脚本初始化完成
[2026-04-11 10:15:00] 开始持续开发任务...
[2026-04-11 10:15:00] 持续开发任务完成
[2026-04-11 10:15:00] 定时任务脚本初始化完成
[2026-04-11 10:30:00] 开始评估新想法...
[2026-04-11 10:30:00] 想法评估完成
[2026-04-11 10:30:00] 定时任务脚本初始化完成
[2026-04-11 11:15:00] 开始持续开发任务...
[2026-04-11 11:15:00] 持续开发任务完成
[2026-04-11 11:15:00] 定时任务脚本初始化完成
[2026-04-11 12:15:00] 开始持续开发任务...
[2026-04-11 12:15:00] 持续开发任务完成
[2026-04-11 12:15:00] 定时任务脚本初始化完成
[2026-04-11 13:15:00] 开始持续开发任务...
[2026-04-11 13:15:00] 持续开发任务完成
[2026-04-11 13:15:00] 定时任务脚本初始化完成
[2026-04-11 14:15:01] 开始持续开发任务...
[2026-04-11 14:15:01] 持续开发任务完成
[2026-04-11 14:15:01] 定时任务脚本初始化完成
[2026-04-11 15:15:00] 开始持续开发任务...
[2026-04-11 15:15:00] 持续开发任务完成
[2026-04-11 15:15:00] 定时任务脚本初始化完成
[2026-04-11 16:15:00] 开始持续开发任务...
[2026-04-11 16:15:00] 持续开发任务完成
[2026-04-11 16:15:00] 定时任务脚本初始化完成
[2026-04-11 17:15:00] 开始持续开发任务...
[2026-04-11 17:15:00] 持续开发任务完成
[2026-04-11 17:15:00] 定时任务脚本初始化完成
[2026-04-11 18:15:00] 开始持续开发任务...
[2026-04-11 18:15:00] 持续开发任务完成
[2026-04-11 18:15:00] 定时任务脚本初始化完成
[2026-04-11 19:15:00] 开始持续开发任务...
[2026-04-11 19:15:00] 持续开发任务完成
[2026-04-11 19:15:00] 定时任务脚本初始化完成
[2026-04-11 20:15:00] 开始持续开发任务...
[2026-04-11 20:15:00] 持续开发任务完成
[2026-04-11 20:15:00] 定时任务脚本初始化完成
[2026-04-11 21:15:00] 开始持续开发任务...
[2026-04-11 21:15:00] 持续开发任务完成
[2026-04-11 21:15:00] 定时任务脚本初始化完成
[2026-04-11 22:00:00] 开始每日反思和优化...
[2026-04-11 22:02:32] HEARTBEAT.md 已更新
[2026-04-11 22:02:32] 每日反思完成，报告已保存到: /Users/wangshihao/projects/openclaws/logs/reflection-2026-04-11.md
[2026-04-11 22:03:14] 定时任务脚本初始化完成
[2026-04-11 22:15:00] 开始持续开发任务...
[2026-04-11 22:15:00] 持续开发任务完成
[2026-04-11 22:15:00] 定时任务脚本初始化完成
[2026-04-11 23:00:00] 开始生成每日总结...
[2026-04-11 23:02:20] 总结文件已保存: /Users/wangshihao/projects/openclaws/logs/summary-2026-04-11.md
[2026-04-11 23:02:20] 未安装 GitHub CLI，跳过创建 Issue
[2026-04-11 23:02:20] 每日总结完成
[2026-04-11 23:02:20] 定时任务脚本初始化完成
[2026-04-11 23:15:00] 开始持续开发任务...
[2026-04-11 23:15:00] 持续开发任务完成
[2026-04-11 23:15:00] 定时任务脚本初始化完成
[2026-04-12 00:15:00] 开始持续开发任务...
[2026-04-12 00:15:00] 持续开发任务完成
[2026-04-12 00:15:00] 定时任务脚本初始化完成
[2026-04-12 01:15:00] 开始持续开发任务...
[2026-04-12 01:15:00] 持续开发任务完成
[2026-04-12 01:15:00] 定时任务脚本初始化完成
[2026-04-12 02:15:00] 开始持续开发任务...
[2026-04-12 02:15:00] 持续开发任务完成
[2026-04-12 02:15:00] 定时任务脚本初始化完成
[2026-04-12 03:15:00] 开始持续开发任务...
[2026-04-12 03:15:00] 持续开发任务完成
[2026-04-12 03:15:00] 定时任务脚本初始化完成
[2026-04-12 04:15:00] 开始持续开发任务...
[2026-04-12 04:15:00] 持续开发任务完成
[2026-04-12 04:15:00] 定时任务脚本初始化完成
[2026-04-12 05:15:00] 开始持续开发任务...
[2026-04-12 05:15:00] 持续开发任务完成
[2026-04-12 05:15:00] 定时任务脚本初始化完成
[2026-04-12 06:15:00] 开始持续开发任务...
[2026-04-12 06:15:00] 持续开发任务完成
[2026-04-12 06:15:00] 定时任务脚本初始化完成
[2026-04-12 07:15:00] 开始持续开发任务...
[2026-04-12 07:15:00] 持续开发任务完成
[2026-04-12 07:15:00] 定时任务脚本初始化完成
[2026-04-12 08:15:00] 开始持续开发任务...
[2026-04-12 08:15:00] 持续开发任务完成
[2026-04-12 08:15:00] 定时任务脚本初始化完成
[2026-04-12 09:00:00] 开始同步仓库...
[2026-04-12 09:00:02] 仓库同步失败或无需更新
[2026-04-12 09:00:02] 定时任务脚本初始化完成
[2026-04-12 09:15:00] 开始持续开发任务...
[2026-04-12 09:15:00] 持续开发任务完成
[2026-04-12 09:15:00] 定时任务脚本初始化完成
[2026-04-12 10:15:00] 开始持续开发任务...
[2026-04-12 10:15:00] 持续开发任务完成
[2026-04-12 10:15:00] 定时任务脚本初始化完成
[2026-04-12 10:30:00] 开始评估新想法...
[2026-04-12 10:30:00] 想法评估完成
[2026-04-12 10:30:00] 定时任务脚本初始化完成
[2026-04-12 11:15:00] 开始持续开发任务...
[2026-04-12 11:15:00] 持续开发任务完成
[2026-04-12 11:15:00] 定时任务脚本初始化完成
[2026-04-12 12:15:01] 开始持续开发任务...
[2026-04-12 12:15:01] 持续开发任务完成
[2026-04-12 12:15:01] 定时任务脚本初始化完成
[2026-04-12 13:15:01] 开始持续开发任务...
[2026-04-12 13:15:01] 持续开发任务完成
[2026-04-12 13:15:01] 定时任务脚本初始化完成
[2026-04-12 14:15:00] 开始持续开发任务...
[2026-04-12 14:15:00] 持续开发任务完成
[2026-04-12 14:15:00] 定时任务脚本初始化完成
[2026-04-12 15:15:00] 开始持续开发任务...
[2026-04-12 15:15:00] 持续开发任务完成
[2026-04-12 15:15:00] 定时任务脚本初始化完成
[2026-04-12 16:15:00] 开始持续开发任务...
[2026-04-12 16:15:00] 持续开发任务完成
[2026-04-12 16:15:00] 定时任务脚本初始化完成
[2026-04-12 17:15:00] 开始持续开发任务...
[2026-04-12 17:15:00] 持续开发任务完成
[2026-04-12 17:15:00] 定时任务脚本初始化完成
[2026-04-12 18:15:00] 开始持续开发任务...
[2026-04-12 18:15:00] 持续开发任务完成
[2026-04-12 18:15:00] 定时任务脚本初始化完成
[2026-04-12 19:15:00] 开始持续开发任务...
[2026-04-12 19:15:00] 持续开发任务完成
[2026-04-12 19:15:00] 定时任务脚本初始化完成
[2026-04-12 20:15:00] 开始持续开发任务...
[2026-04-12 20:15:00] 持续开发任务完成
[2026-04-12 20:15:00] 定时任务脚本初始化完成
[2026-04-12 21:15:00] 开始持续开发任务...
[2026-04-12 21:15:00] 持续开发任务完成
[2026-04-12 21:15:00] 定时任务脚本初始化完成
[2026-04-12 22:00:00] 开始每日反思和优化...
[2026-04-12 22:01:48] HEARTBEAT.md 已更新
[2026-04-12 22:01:48] 每日反思完成，报告已保存到: /Users/wangshihao/projects/openclaws/logs/reflection-2026-04-12.md
[2026-04-12 22:02:18] 定时任务脚本初始化完成
[2026-04-12 22:15:00] 开始持续开发任务...
[2026-04-12 22:15:00] 持续开发任务完成
[2026-04-12 22:15:00] 定时任务脚本初始化完成
[2026-04-12 23:00:00] 开始生成每日总结...
[2026-04-12 23:01:50] 总结文件已保存: /Users/wangshihao/projects/openclaws/logs/summary-2026-04-12.md
[2026-04-12 23:01:50] 未安装 GitHub CLI，跳过创建 Issue
[2026-04-12 23:01:50] 每日总结完成
[2026-04-12 23:01:50] 定时任务脚本初始化完成
[2026-04-12 23:15:00] 开始持续开发任务...
[2026-04-12 23:15:00] 持续开发任务完成
[2026-04-12 23:15:00] 定时任务脚本初始化完成
[2026-04-13 00:15:00] 开始持续开发任务...
[2026-04-13 00:15:00] 持续开发任务完成
[2026-04-13 00:15:00] 定时任务脚本初始化完成
[2026-04-13 01:15:01] 开始持续开发任务...
[2026-04-13 01:15:01] 持续开发任务完成
[2026-04-13 01:15:01] 定时任务脚本初始化完成
[2026-04-13 02:15:00] 开始持续开发任务...
[2026-04-13 02:15:00] 持续开发任务完成
[2026-04-13 02:15:00] 定时任务脚本初始化完成
[2026-04-13 03:15:00] 开始持续开发任务...
[2026-04-13 03:15:00] 持续开发任务完成
[2026-04-13 03:15:00] 定时任务脚本初始化完成
[2026-04-13 04:15:01] 开始持续开发任务...
[2026-04-13 04:15:01] 持续开发任务完成
[2026-04-13 04:15:01] 定时任务脚本初始化完成
[2026-04-13 05:15:00] 开始持续开发任务...
[2026-04-13 05:15:00] 持续开发任务完成
[2026-04-13 05:15:00] 定时任务脚本初始化完成
[2026-04-13 06:15:00] 开始持续开发任务...
[2026-04-13 06:15:00] 持续开发任务完成
[2026-04-13 06:15:00] 定时任务脚本初始化完成
[2026-04-13 07:15:00] 开始持续开发任务...
[2026-04-13 07:15:00] 持续开发任务完成
[2026-04-13 07:15:00] 定时任务脚本初始化完成
[2026-04-13 08:15:00] 开始持续开发任务...
[2026-04-13 08:15:00] 持续开发任务完成
[2026-04-13 08:15:00] 定时任务脚本初始化完成
[2026-04-13 09:00:00] 开始同步仓库...
[2026-04-13 09:01:31] 仓库同步失败或无需更新
[2026-04-13 09:01:31] 定时任务脚本初始化完成
[2026-04-13 09:15:00] 开始持续开发任务...
[2026-04-13 09:15:00] 持续开发任务完成
[2026-04-13 09:15:00] 定时任务脚本初始化完成
[2026-04-13 10:15:00] 开始持续开发任务...
[2026-04-13 10:15:00] 持续开发任务完成
[2026-04-13 10:15:00] 定时任务脚本初始化完成
[2026-04-13 10:30:01] 开始评估新想法...
[2026-04-13 10:30:01] 想法评估完成
[2026-04-13 10:30:01] 定时任务脚本初始化完成
[2026-04-13 11:15:00] 开始持续开发任务...
[2026-04-13 11:15:00] 持续开发任务完成
[2026-04-13 11:15:00] 定时任务脚本初始化完成
[2026-04-13 12:15:00] 开始持续开发任务...
[2026-04-13 12:15:00] 持续开发任务完成
[2026-04-13 12:15:00] 定时任务脚本初始化完成
[2026-04-13 13:15:00] 开始持续开发任务...
[2026-04-13 13:15:00] 持续开发任务完成
[2026-04-13 13:15:00] 定时任务脚本初始化完成
[2026-04-13 14:15:00] 开始持续开发任务...
[2026-04-13 14:15:00] 持续开发任务完成
[2026-04-13 14:15:00] 定时任务脚本初始化完成
[2026-04-13 15:15:00] 开始持续开发任务...
[2026-04-13 15:15:00] 持续开发任务完成
[2026-04-13 15:15:00] 定时任务脚本初始化完成
[2026-04-13 16:15:00] 开始持续开发任务...
[2026-04-13 16:15:00] 持续开发任务完成
[2026-04-13 16:15:00] 定时任务脚本初始化完成
[2026-04-13 17:15:00] 开始持续开发任务...
[2026-04-13 17:15:00] 持续开发任务完成
[2026-04-13 17:15:00] 定时任务脚本初始化完成
[2026-04-13 18:15:00] 开始持续开发任务...
[2026-04-13 18:15:00] 持续开发任务完成
[2026-04-13 18:15:00] 定时任务脚本初始化完成
[2026-04-13 19:15:01] 开始持续开发任务...
[2026-04-13 19:15:01] 持续开发任务完成
[2026-04-13 19:15:01] 定时任务脚本初始化完成
[2026-04-13 20:15:00] 开始持续开发任务...
[2026-04-13 20:15:00] 持续开发任务完成
[2026-04-13 20:15:00] 定时任务脚本初始化完成
[2026-04-13 21:15:01] 开始持续开发任务...
[2026-04-13 21:15:01] 持续开发任务完成
[2026-04-13 21:15:01] 定时任务脚本初始化完成
[2026-04-13 22:00:00] 开始每日反思和优化...
[2026-04-13 22:01:51] HEARTBEAT.md 已更新
[2026-04-13 22:01:51] 每日反思完成，报告已保存到: /Users/wangshihao/projects/openclaws/logs/reflection-2026-04-13.md
[2026-04-13 22:02:21] 定时任务脚本初始化完成
[2026-04-13 22:15:01] 开始持续开发任务...
[2026-04-13 22:15:01] 持续开发任务完成
[2026-04-13 22:15:01] 定时任务脚本初始化完成
[2026-04-13 23:00:01] 开始生成每日总结...
[2026-04-13 23:01:43] 总结文件已保存: /Users/wangshihao/projects/openclaws/logs/summary-2026-04-13.md
[2026-04-13 23:01:43] 未安装 GitHub CLI，跳过创建 Issue
[2026-04-13 23:01:43] 每日总结完成
[2026-04-13 23:01:43] 定时任务脚本初始化完成
[2026-04-13 23:15:00] 开始持续开发任务...
[2026-04-13 23:15:00] 持续开发任务完成
[2026-04-13 23:15:00] 定时任务脚本初始化完成
[2026-04-14 00:15:00] 开始持续开发任务...
[2026-04-14 00:15:00] 持续开发任务完成
[2026-04-14 00:15:00] 定时任务脚本初始化完成
[2026-04-14 01:15:00] 开始持续开发任务...
[2026-04-14 01:15:00] 持续开发任务完成
[2026-04-14 01:15:00] 定时任务脚本初始化完成
[2026-04-14 02:15:00] 开始持续开发任务...
[2026-04-14 02:15:00] 持续开发任务完成
[2026-04-14 02:15:00] 定时任务脚本初始化完成
[2026-04-14 03:15:00] 开始持续开发任务...
[2026-04-14 03:15:00] 持续开发任务完成
[2026-04-14 03:15:00] 定时任务脚本初始化完成
[2026-04-14 04:15:00] 开始持续开发任务...
[2026-04-14 04:15:00] 持续开发任务完成
[2026-04-14 04:15:00] 定时任务脚本初始化完成
[2026-04-14 05:15:01] 开始持续开发任务...
[2026-04-14 05:15:01] 持续开发任务完成
[2026-04-14 05:15:01] 定时任务脚本初始化完成
[2026-04-14 06:15:00] 开始持续开发任务...
[2026-04-14 06:15:00] 持续开发任务完成
[2026-04-14 06:15:00] 定时任务脚本初始化完成
[2026-04-14 07:15:00] 开始持续开发任务...
[2026-04-14 07:15:00] 持续开发任务完成
[2026-04-14 07:15:00] 定时任务脚本初始化完成
[2026-04-14 08:15:00] 开始持续开发任务...
[2026-04-14 08:15:00] 持续开发任务完成
[2026-04-14 08:15:00] 定时任务脚本初始化完成
[2026-04-14 09:00:01] 开始同步仓库...
[2026-04-14 09:01:31] 仓库同步失败或无需更新
[2026-04-14 09:01:31] 定时任务脚本初始化完成
[2026-04-14 09:15:00] 开始持续开发任务...
[2026-04-14 09:15:00] 持续开发任务完成
[2026-04-14 09:15:00] 定时任务脚本初始化完成
[2026-04-14 10:15:00] 开始持续开发任务...
[2026-04-14 10:15:00] 持续开发任务完成
[2026-04-14 10:15:00] 定时任务脚本初始化完成
[2026-04-14 10:30:00] 开始评估新想法...
[2026-04-14 10:30:00] 想法评估完成
[2026-04-14 10:30:00] 定时任务脚本初始化完成
