[2026-03-29 19:35:53] 🏯 开始 PR 审查和合并任务...
[2026-03-29 19:35:53] ✅ Git 身份已设置为孔明
[2026-03-29 19:35:55] ✅ 已拉取最新代码
[2026-03-29 19:35:55] 📋 获取所有 open PR...
[2026-03-29 19:35:56] 🔍 开始审查 PR #361...
[2026-03-29 19:35:57] 📄 PR #361: 💡 [for 宠物主人] AI 智慧宠物健康守护者 - 从健康风险未知到AI驱动的全生命周期关爱
[2026-03-29 19:35:57] 👤 作者: kevinten10
[2026-03-29 19:35:57] 📊 变更: +322 -0
[2026-03-29 19:35:57] 🔍 开始进行代码审查...
[2026-03-29 19:36:01] ❌ 批准 PR #361 失败

[2026-03-29 19:36:01] 🔍 开始审查 PR #351...
[2026-03-29 19:36:02] 📄 PR #351: feat: AI个性化学习路径规划师 - Issue #329
[2026-03-29 19:36:02] 👤 作者: kevinten10
[2026-03-29 19:36:02] 📊 变更: +595 -0
[2026-03-29 19:36:02] 🔍 开始进行代码审查...
[2026-03-29 19:36:04] ⚠️  PR #351 变更较大，需要仔细审查
[2026-03-29 19:36:07] ❌ 批准 PR #351 失败

[2026-03-29 19:36:07] 🔍 开始审查 PR #338...
[2026-03-29 19:36:08] 📄 PR #338: feat: AI世界模拟器 - 生成式交互世界仿真平台 (Issue #336)
[2026-03-29 19:36:08] 👤 作者: kevinten10
[2026-03-29 19:36:08] 📊 变更: +538 -0
[2026-03-29 19:36:08] 🔍 开始进行代码审查...
[2026-03-29 19:36:10] ⚠️  PR #338 变更较大，需要仔细审查
[2026-03-29 19:36:14] ❌ 批准 PR #338 失败

[2026-03-29 19:36:14] 🔍 开始审查 PR #331...
[2026-03-29 19:36:16] 📄 PR #331: feat: AI护理智能助手 - 从文档繁琐和工作压力大到智能高效关怀和职业成长 (Issue #304)
[2026-03-29 19:36:16] 👤 作者: kevinten10
[2026-03-29 19:36:16] 📊 变更: +1459 -0
[2026-03-29 19:36:16] 🔍 开始进行代码审查...
[2026-03-29 19:36:17] ⚠️  PR #331 变更较大，需要仔细审查
[2026-03-29 19:36:19] ❌ 批准 PR #331 失败

[2026-03-29 19:36:19] 🔍 开始审查 PR #306...
[2026-03-29 19:36:22] 📄 PR #306: feat: AI 创意搭档 - 从创作瓶颈到灵感永不枯竭 (Issue #296)
[2026-03-29 19:36:22] 👤 作者: kevinten10
[2026-03-29 19:36:22] 📊 变更: +288 -0
[2026-03-29 19:36:22] 🔍 开始进行代码审查...
[2026-03-29 19:36:28] ❌ 批准 PR #306 失败

[2026-03-29 19:36:28] 🔍 开始审查 PR #303...
[2026-03-29 19:36:30] 📄 PR #303: 💡 [for 普通家庭] AI家居智能管家 - 从手忙脚乱的家居管理到全屋智能协调的完美生活
[2026-03-29 19:36:30] 👤 作者: kevinten10
[2026-03-29 19:36:30] 📊 变更: +777 -0
[2026-03-29 19:36:30] 🔍 开始进行代码审查...
[2026-03-29 19:36:30] ⚠️  PR #303 变更较大，需要仔细审查
[2026-03-29 19:36:33] ❌ 批准 PR #303 失败

[2026-03-29 19:36:33] 🔍 开始审查 PR #302...
[2026-03-29 19:36:34] 📄 PR #302: 💡 [for 中高级职场人] AI 战略决策参谋 - 从信息过载压力山大到精准洞察从容决策
[2026-03-29 19:36:34] 👤 作者: kevinten10
[2026-03-29 19:36:34] 📊 变更: +347 -0
[2026-03-29 19:36:34] 🔍 开始进行代码审查...
[2026-03-29 19:36:38] ❌ 批准 PR #302 失败

[2026-03-29 19:36:38] 🔍 开始审查 PR #290...
[2026-03-29 19:36:40] 📄 PR #290: 🚀 Edge AI Deployment Framework: Optimized Small Language Models (Issue #278)
[2026-03-29 19:36:40] 👤 作者: kevinten10
[2026-03-29 19:36:40] 📊 变更: +528 -0
[2026-03-29 19:36:40] 🔍 开始进行代码审查...
[2026-03-29 19:36:41] ⚠️  PR #290 变更较大，需要仔细审查
[2026-03-29 19:36:43] ❌ 批准 PR #290 失败

[2026-03-29 19:36:43] 🔍 开始审查 PR #288...
[2026-03-29 19:36:44] 📄 PR #288: feat: AI 情绪图谱分析师 - Issue #285
[2026-03-29 19:36:44] 👤 作者: kevinten10
[2026-03-29 19:36:44] 📊 变更: +459 -0
[2026-03-29 19:36:44] 🔍 开始进行代码审查...
[2026-03-29 19:36:47] ❌ 批准 PR #288 失败

[2026-03-29 19:36:47] 🔍 开始审查 PR #283...
[2026-03-29 19:36:48] 📄 PR #283: 💡 [for 视障人士] AI 空间智慧眼 - 从依赖他人引导到独立探索世界的每一步
[2026-03-29 19:36:48] 👤 作者: kevinten10
[2026-03-29 19:36:48] 📊 变更: +187 -0
[2026-03-29 19:36:49] 🔍 开始进行代码审查...
[2026-03-29 19:36:51] ❌ 批准 PR #283 失败

[2026-03-29 19:36:51] 🔍 开始审查 PR #258...
[2026-03-29 19:36:53] 📄 PR #258: 💡 [for AI工具开发者] AI协作灵感引擎 - 从个人创作瓶颈到全球创意碰撞
[2026-03-29 19:36:53] 👤 作者: kevinten10
[2026-03-29 19:36:53] 📊 变更: +404 -0
[2026-03-29 19:36:53] 🔍 开始进行代码审查...
[2026-03-29 19:36:58] ❌ 批准 PR #258 失败

[2026-03-29 19:36:58] 🔍 开始审查 PR #256...
[2026-03-29 19:37:00] 📄 PR #256: 💡 [for 视频剪辑师] AI 创意剪辑引擎 - 从模板化剪辑到每帧都惊艳的视觉故事
[2026-03-29 19:37:00] 👤 作者: kevinten10
[2026-03-29 19:37:00] 📊 变更: +555 -0
[2026-03-29 19:37:00] 🔍 开始进行代码审查...
[2026-03-29 19:37:02] ⚠️  PR #256 变更较大，需要仔细审查
[2026-03-29 19:37:04] ❌ 批准 PR #256 失败

[2026-03-29 19:37:04] 🔍 开始审查 PR #255...
[2026-03-29 19:37:05] 📄 PR #255: 💡 AI 碳足迹追踪助手 - 从模糊的环保概念到每天可量化的绿色生活
[2026-03-29 19:37:05] 👤 作者: kevinten10
[2026-03-29 19:37:05] 📊 变更: +277 -0
[2026-03-29 19:37:05] 🔍 开始进行代码审查...
[2026-03-29 19:37:08] ❌ 批准 PR #255 失败

[2026-03-29 19:37:08] 🔍 开始审查 PR #253...
[2026-03-29 19:37:10] 📄 PR #253: 💡 AI 语言智慧陪练 - 从哑巴外语不敢开口到自信流利对话
[2026-03-29 19:37:10] 👤 作者: kevinten10
[2026-03-29 19:37:10] 📊 变更: +252 -0
[2026-03-29 19:37:10] 🔍 开始进行代码审查...
[2026-03-29 19:37:12] ❌ 批准 PR #253 失败

[2026-03-29 19:37:12] 🔍 开始审查 PR #244...
[2026-03-29 19:37:14] 📄 PR #244: 💡 AI Workspace Orchestrator - 用聊天界面管理多AI工作流
[2026-03-29 19:37:14] 👤 作者: kevinten10
[2026-03-29 19:37:14] 📊 变更: +237 -0
[2026-03-29 19:37:14] 🔍 开始进行代码审查...
[2026-03-29 19:37:19] ❌ 批准 PR #244 失败

[2026-03-29 19:37:19] 🔍 开始审查 PR #235...
[2026-03-29 19:37:30] 📄 PR #235: 💡 [for 内容创作焦虑族] AI 灵感火花点燃师 - 从盯着空白页3小时到3秒迸发10个爆款选题
[2026-03-29 19:37:30] 👤 作者: kevinten10
[2026-03-29 19:37:30] 📊 变更: +1866 -0
[2026-03-29 19:37:30] 🔍 开始进行代码审查...
[2026-03-29 19:37:33] ⚠️  PR #235 变更较大，需要仔细审查
[2026-03-29 19:37:35] ❌ 批准 PR #235 失败

[2026-03-29 19:37:35] 📊 审查统计:
[2026-03-29 19:37:35]   - 总 PR 数: 16
[2026-03-29 19:37:35]   - 已审查: 0
[2026-03-29 19:37:35]   - 已合并: 0
[2026-03-29 19:37:35]   - 需要改进: 16
[2026-03-29 19:38:46] 🏯 开始 PR 审查和合并任务...
[2026-03-29 19:38:46] ✅ Git 身份已设置为孔明
[2026-03-29 20:00:00] 🏯 开始 PR 审查和合并任务...
[2026-03-29 20:00:00] 🏯 开始 PR 审查和合并任务...
[2026-03-29 20:00:00] ✅ Git 身份已设置为孔明
[2026-03-29 22:00:00] 🏯 开始 PR 审查和合并任务...
[2026-03-29 22:00:00] 🏯 开始 PR 审查和合并任务...
[2026-03-29 22:00:00] ✅ Git 身份已设置为孔明
[2026-03-30 00:00:00] 🏯 开始 PR 审查和合并任务...
[2026-03-30 00:00:00] 🏯 开始 PR 审查和合并任务...
[2026-03-30 00:00:00] ✅ Git 身份已设置为孔明
[2026-03-30 02:00:00] 🏯 开始 PR 审查和合并任务...
[2026-03-30 02:00:00] 🏯 开始 PR 审查和合并任务...
[2026-03-30 02:00:00] ✅ Git 身份已设置为孔明
[2026-03-30 02:00:02] ✅ 已拉取最新代码
[2026-03-30 02:00:02] 📋 获取所有 open PR...
[2026-03-30 04:00:00] 🏯 开始 PR 审查和合并任务...
[2026-03-30 04:00:00] 🏯 开始 PR 审查和合并任务...
[2026-03-30 04:00:00] ✅ Git 身份已设置为孔明
[2026-03-30 04:00:01] ✅ 已拉取最新代码
[2026-03-30 04:00:01] 📋 获取所有 open PR...
[2026-03-30 06:00:01] 🏯 开始 PR 审查和合并任务...
[2026-03-30 06:00:01] 🏯 开始 PR 审查和合并任务...
[2026-03-30 06:00:01] ✅ Git 身份已设置为孔明
[2026-03-30 06:00:02] ✅ 已拉取最新代码
[2026-03-30 06:00:02] 📋 获取所有 open PR...
[2026-03-30 08:00:00] 🏯 开始 PR 审查和合并任务...
[2026-03-30 08:00:00] 🏯 开始 PR 审查和合并任务...
[2026-03-30 08:00:00] ✅ Git 身份已设置为孔明
[2026-03-30 08:00:01] ✅ 已拉取最新代码
[2026-03-30 08:00:01] 📋 获取所有 open PR...
[2026-03-30 10:00:00] 🏯 开始 PR 审查和合并任务...
[2026-03-30 10:00:00] 🏯 开始 PR 审查和合并任务...
[2026-03-30 10:00:00] ✅ Git 身份已设置为孔明
[2026-03-30 10:00:01] ✅ 已拉取最新代码
[2026-03-30 10:00:01] 📋 获取所有 open PR...
[2026-03-30 12:00:00] 🏯 开始 PR 审查和合并任务...
[2026-03-30 12:00:00] 🏯 开始 PR 审查和合并任务...
[2026-03-30 12:00:00] ✅ Git 身份已设置为孔明
[2026-03-30 12:00:02] ✅ 已拉取最新代码
[2026-03-30 12:00:02] 📋 获取所有 open PR...
[2026-03-30 14:00:00] 🏯 开始 PR 审查和合并任务...
[2026-03-30 14:00:00] 🏯 开始 PR 审查和合并任务...
[2026-03-30 14:00:00] ✅ Git 身份已设置为孔明
[2026-03-30 14:00:01] ✅ 已拉取最新代码
[2026-03-30 14:00:01] 📋 获取所有 open PR...
[2026-03-30 16:00:00] 🏯 开始 PR 审查和合并任务...
[2026-03-30 16:00:00] 🏯 开始 PR 审查和合并任务...
[2026-03-30 16:00:00] ✅ Git 身份已设置为孔明
[2026-03-30 16:00:01] ✅ 已拉取最新代码
[2026-03-30 16:00:01] 📋 获取所有 open PR...
[2026-03-30 18:00:00] 🏯 开始 PR 审查和合并任务...
[2026-03-30 18:00:00] 🏯 开始 PR 审查和合并任务...
[2026-03-30 18:00:00] ✅ Git 身份已设置为孔明
[2026-03-30 18:00:01] ✅ 已拉取最新代码
[2026-03-30 18:00:01] 📋 获取所有 open PR...
[2026-03-30 20:00:01] 🏯 开始 PR 审查和合并任务...
[2026-03-30 20:00:01] 🏯 开始 PR 审查和合并任务...
[2026-03-30 20:00:01] ✅ Git 身份已设置为孔明
[2026-03-30 20:00:03] ✅ 已拉取最新代码
[2026-03-30 20:00:03] 📋 获取所有 open PR...
[2026-03-30 22:00:00] 🏯 开始 PR 审查和合并任务...
[2026-03-30 22:00:00] 🏯 开始 PR 审查和合并任务...
[2026-03-30 22:00:00] ✅ Git 身份已设置为孔明
[2026-03-31 00:00:00] 🏯 开始 PR 审查和合并任务...
[2026-03-31 00:00:00] 🏯 开始 PR 审查和合并任务...
[2026-03-31 00:00:00] ✅ Git 身份已设置为孔明
[2026-03-31 00:00:03] ✅ 已拉取最新代码
[2026-03-31 00:00:03] 📋 获取所有 open PR...
[2026-03-31 02:00:00] 🏯 开始 PR 审查和合并任务...
[2026-03-31 02:00:00] 🏯 开始 PR 审查和合并任务...
[2026-03-31 02:00:00] ✅ Git 身份已设置为孔明
[2026-03-31 02:00:03] ✅ 已拉取最新代码
[2026-03-31 02:00:03] 📋 获取所有 open PR...
[2026-03-31 04:00:00] 🏯 开始 PR 审查和合并任务...
[2026-03-31 04:00:00] 🏯 开始 PR 审查和合并任务...
[2026-03-31 04:00:00] ✅ Git 身份已设置为孔明
[2026-03-31 06:00:00] 🏯 开始 PR 审查和合并任务...
[2026-03-31 06:00:00] 🏯 开始 PR 审查和合并任务...
[2026-03-31 06:00:01] ✅ Git 身份已设置为孔明
[2026-03-31 06:00:03] ✅ 已拉取最新代码
[2026-03-31 06:00:03] 📋 获取所有 open PR...
[2026-03-31 08:00:00] 🏯 开始 PR 审查和合并任务...
[2026-03-31 08:00:00] 🏯 开始 PR 审查和合并任务...
[2026-03-31 08:00:00] ✅ Git 身份已设置为孔明
[2026-03-31 08:00:01] ✅ 已拉取最新代码
[2026-03-31 08:00:01] 📋 获取所有 open PR...
[2026-03-31 10:00:00] 🏯 开始 PR 审查和合并任务...
[2026-03-31 10:00:00] 🏯 开始 PR 审查和合并任务...
[2026-03-31 10:00:00] ✅ Git 身份已设置为孔明
[2026-03-31 12:00:00] 🏯 开始 PR 审查和合并任务...
[2026-03-31 12:00:00] 🏯 开始 PR 审查和合并任务...
[2026-03-31 12:00:01] ✅ Git 身份已设置为孔明
[2026-03-31 12:00:02] ✅ 已拉取最新代码
[2026-03-31 12:00:02] 📋 获取所有 open PR...
[2026-03-31 14:00:00] 🏯 开始 PR 审查和合并任务...
[2026-03-31 14:00:00] 🏯 开始 PR 审查和合并任务...
[2026-03-31 14:00:00] ✅ Git 身份已设置为孔明
[2026-03-31 16:00:00] 🏯 开始 PR 审查和合并任务...
[2026-03-31 16:00:00] 🏯 开始 PR 审查和合并任务...
[2026-03-31 16:00:00] ✅ Git 身份已设置为孔明
[2026-03-31 16:00:01] ✅ 已拉取最新代码
[2026-03-31 16:00:01] 📋 获取所有 open PR...
[2026-03-31 18:00:00] 🏯 开始 PR 审查和合并任务...
[2026-03-31 18:00:00] 🏯 开始 PR 审查和合并任务...
[2026-03-31 18:00:00] ✅ Git 身份已设置为孔明
[2026-03-31 18:00:03] ✅ 已拉取最新代码
[2026-03-31 18:00:03] 📋 获取所有 open PR...
[2026-03-31 20:00:00] 🏯 开始 PR 审查和合并任务...
[2026-03-31 20:00:00] 🏯 开始 PR 审查和合并任务...
[2026-03-31 20:00:00] ✅ Git 身份已设置为孔明
[2026-03-31 22:00:01] 🏯 开始 PR 审查和合并任务...
[2026-03-31 22:00:01] 🏯 开始 PR 审查和合并任务...
[2026-03-31 22:00:01] ✅ Git 身份已设置为孔明
[2026-03-31 22:00:02] ✅ 已拉取最新代码
[2026-03-31 22:00:02] 📋 获取所有 open PR...
[2026-04-01 00:00:00] 🏯 开始 PR 审查和合并任务...
[2026-04-01 00:00:00] 🏯 开始 PR 审查和合并任务...
[2026-04-01 00:00:00] ✅ Git 身份已设置为孔明
[2026-04-01 00:00:02] ✅ 已拉取最新代码
[2026-04-01 00:00:02] 📋 获取所有 open PR...
[2026-04-01 02:00:00] 🏯 开始 PR 审查和合并任务...
[2026-04-01 02:00:00] 🏯 开始 PR 审查和合并任务...
[2026-04-01 02:00:00] ✅ Git 身份已设置为孔明
[2026-04-01 02:01:08] ✅ 已拉取最新代码
[2026-04-01 02:01:08] 📋 获取所有 open PR...
[2026-04-01 04:00:00] 🏯 开始 PR 审查和合并任务...
[2026-04-01 04:00:00] 🏯 开始 PR 审查和合并任务...
[2026-04-01 04:00:00] ✅ Git 身份已设置为孔明
[2026-04-01 06:00:00] 🏯 开始 PR 审查和合并任务...
[2026-04-01 06:00:00] 🏯 开始 PR 审查和合并任务...
[2026-04-01 06:00:01] ✅ Git 身份已设置为孔明
[2026-04-01 06:00:02] ✅ 已拉取最新代码
[2026-04-01 06:00:02] 📋 获取所有 open PR...
[2026-04-01 08:00:00] 🏯 开始 PR 审查和合并任务...
[2026-04-01 08:00:00] 🏯 开始 PR 审查和合并任务...
[2026-04-01 08:00:00] ✅ Git 身份已设置为孔明
[2026-04-01 10:00:00] 🏯 开始 PR 审查和合并任务...
[2026-04-01 10:00:00] 🏯 开始 PR 审查和合并任务...
[2026-04-01 10:00:00] ✅ Git 身份已设置为孔明
[2026-04-01 12:00:00] 🏯 开始 PR 审查和合并任务...
[2026-04-01 12:00:00] 🏯 开始 PR 审查和合并任务...
[2026-04-01 12:00:00] ✅ Git 身份已设置为孔明
[2026-04-01 14:00:00] 🏯 开始 PR 审查和合并任务...
[2026-04-01 14:00:00] 🏯 开始 PR 审查和合并任务...
[2026-04-01 14:00:00] ✅ Git 身份已设置为孔明
[2026-04-01 14:00:03] ✅ 已拉取最新代码
[2026-04-01 14:00:03] 📋 获取所有 open PR...
[2026-04-01 16:00:00] 🏯 开始 PR 审查和合并任务...
[2026-04-01 16:00:00] 🏯 开始 PR 审查和合并任务...
[2026-04-01 16:00:00] ✅ Git 身份已设置为孔明
[2026-04-01 16:00:02] ✅ 已拉取最新代码
[2026-04-01 16:00:02] 📋 获取所有 open PR...
[2026-04-01 18:00:00] 🏯 开始 PR 审查和合并任务...
[2026-04-01 18:00:00] 🏯 开始 PR 审查和合并任务...
[2026-04-01 18:00:00] ✅ Git 身份已设置为孔明
[2026-04-01 18:00:02] ✅ 已拉取最新代码
[2026-04-01 18:00:02] 📋 获取所有 open PR...
[2026-04-01 20:00:00] 🏯 开始 PR 审查和合并任务...
[2026-04-01 20:00:00] 🏯 开始 PR 审查和合并任务...
[2026-04-01 20:00:00] ✅ Git 身份已设置为孔明
[2026-04-01 22:00:00] 🏯 开始 PR 审查和合并任务...
[2026-04-01 22:00:00] 🏯 开始 PR 审查和合并任务...
[2026-04-01 22:00:00] ✅ Git 身份已设置为孔明
[2026-04-01 22:00:36] ✅ 已拉取最新代码
[2026-04-01 22:00:36] 📋 获取所有 open PR...
[2026-04-02 00:00:00] 🏯 开始 PR 审查和合并任务...
[2026-04-02 00:00:00] 🏯 开始 PR 审查和合并任务...
[2026-04-02 00:00:00] ✅ Git 身份已设置为孔明
[2026-04-02 00:00:08] ✅ 已拉取最新代码
[2026-04-02 00:00:08] 📋 获取所有 open PR...
[2026-04-02 02:00:00] 🏯 开始 PR 审查和合并任务...
[2026-04-02 02:00:00] 🏯 开始 PR 审查和合并任务...
[2026-04-02 02:00:00] ✅ Git 身份已设置为孔明
[2026-04-02 02:00:03] ✅ 已拉取最新代码
[2026-04-02 02:00:03] 📋 获取所有 open PR...
[2026-04-02 04:00:01] 🏯 开始 PR 审查和合并任务...
[2026-04-02 04:00:01] 🏯 开始 PR 审查和合并任务...
[2026-04-02 04:00:01] ✅ Git 身份已设置为孔明
[2026-04-02 04:00:03] ✅ 已拉取最新代码
[2026-04-02 04:00:03] 📋 获取所有 open PR...
[2026-04-02 06:00:00] 🏯 开始 PR 审查和合并任务...
[2026-04-02 06:00:00] 🏯 开始 PR 审查和合并任务...
[2026-04-02 06:00:00] ✅ Git 身份已设置为孔明
[2026-04-02 08:00:00] 🏯 开始 PR 审查和合并任务...
[2026-04-02 08:00:00] 🏯 开始 PR 审查和合并任务...
[2026-04-02 08:00:00] ✅ Git 身份已设置为孔明
[2026-04-02 10:00:00] 🏯 开始 PR 审查和合并任务...
[2026-04-02 10:00:00] 🏯 开始 PR 审查和合并任务...
[2026-04-02 10:00:00] ✅ Git 身份已设置为孔明
[2026-04-02 12:00:00] 🏯 开始 PR 审查和合并任务...
[2026-04-02 12:00:00] 🏯 开始 PR 审查和合并任务...
[2026-04-02 12:00:00] ✅ Git 身份已设置为孔明
[2026-04-02 14:00:00] 🏯 开始 PR 审查和合并任务...
[2026-04-02 14:00:00] 🏯 开始 PR 审查和合并任务...
[2026-04-02 14:00:00] ✅ Git 身份已设置为孔明
[2026-04-02 16:00:00] 🏯 开始 PR 审查和合并任务...
[2026-04-02 16:00:00] 🏯 开始 PR 审查和合并任务...
[2026-04-02 16:00:00] ✅ Git 身份已设置为孔明
[2026-04-02 18:00:00] 🏯 开始 PR 审查和合并任务...
[2026-04-02 18:00:00] 🏯 开始 PR 审查和合并任务...
[2026-04-02 18:00:00] ✅ Git 身份已设置为孔明
[2026-04-02 20:00:00] 🏯 开始 PR 审查和合并任务...
[2026-04-02 20:00:00] 🏯 开始 PR 审查和合并任务...
[2026-04-02 20:00:00] ✅ Git 身份已设置为孔明
[2026-04-02 20:00:08] ✅ 已拉取最新代码
[2026-04-02 20:00:08] 📋 获取所有 open PR...
[2026-04-02 22:00:00] 🏯 开始 PR 审查和合并任务...
[2026-04-02 22:00:00] 🏯 开始 PR 审查和合并任务...
[2026-04-02 22:00:00] ✅ Git 身份已设置为孔明
[2026-04-02 22:00:03] ✅ 已拉取最新代码
[2026-04-02 22:00:03] 📋 获取所有 open PR...
[2026-04-03 00:00:00] 🏯 开始 PR 审查和合并任务...
[2026-04-03 00:00:00] 🏯 开始 PR 审查和合并任务...
[2026-04-03 00:00:00] ✅ Git 身份已设置为孔明
[2026-04-03 00:00:02] ✅ 已拉取最新代码
[2026-04-03 00:00:02] 📋 获取所有 open PR...
[2026-04-03 02:00:00] 🏯 开始 PR 审查和合并任务...
[2026-04-03 02:00:00] 🏯 开始 PR 审查和合并任务...
[2026-04-03 02:00:00] ✅ Git 身份已设置为孔明
[2026-04-03 02:00:01] ✅ 已拉取最新代码
[2026-04-03 02:00:01] 📋 获取所有 open PR...
[2026-04-03 04:00:00] 🏯 开始 PR 审查和合并任务...
[2026-04-03 04:00:00] 🏯 开始 PR 审查和合并任务...
[2026-04-03 04:00:00] ✅ Git 身份已设置为孔明
[2026-04-03 04:01:09] ✅ 已拉取最新代码
[2026-04-03 04:01:09] 📋 获取所有 open PR...
[2026-04-03 06:00:00] 🏯 开始 PR 审查和合并任务...
[2026-04-03 06:00:00] 🏯 开始 PR 审查和合并任务...
[2026-04-03 06:00:00] ✅ Git 身份已设置为孔明
[2026-04-03 06:00:02] ✅ 已拉取最新代码
[2026-04-03 06:00:02] 📋 获取所有 open PR...
[2026-04-03 08:00:00] 🏯 开始 PR 审查和合并任务...
[2026-04-03 08:00:00] 🏯 开始 PR 审查和合并任务...
[2026-04-03 08:00:00] ✅ Git 身份已设置为孔明
[2026-04-03 10:00:00] 🏯 开始 PR 审查和合并任务...
[2026-04-03 10:00:00] 🏯 开始 PR 审查和合并任务...
[2026-04-03 10:00:01] ✅ Git 身份已设置为孔明
[2026-04-03 10:00:02] ✅ 已拉取最新代码
[2026-04-03 10:00:02] 📋 获取所有 open PR...
[2026-04-03 12:00:00] 🏯 开始 PR 审查和合并任务...
[2026-04-03 12:00:00] 🏯 开始 PR 审查和合并任务...
[2026-04-03 12:00:00] ✅ Git 身份已设置为孔明
[2026-04-03 14:00:00] 🏯 开始 PR 审查和合并任务...
[2026-04-03 14:00:00] 🏯 开始 PR 审查和合并任务...
[2026-04-03 14:00:00] ✅ Git 身份已设置为孔明
[2026-04-03 14:00:03] ✅ 已拉取最新代码
[2026-04-03 14:00:03] 📋 获取所有 open PR...
[2026-04-03 16:00:00] 🏯 开始 PR 审查和合并任务...
[2026-04-03 16:00:00] 🏯 开始 PR 审查和合并任务...
[2026-04-03 16:00:00] ✅ Git 身份已设置为孔明
[2026-04-03 16:00:22] ✅ 已拉取最新代码
[2026-04-03 16:00:22] 📋 获取所有 open PR...
[2026-04-03 18:00:00] 🏯 开始 PR 审查和合并任务...
[2026-04-03 18:00:00] 🏯 开始 PR 审查和合并任务...
[2026-04-03 18:00:00] ✅ Git 身份已设置为孔明
[2026-04-03 18:00:03] ✅ 已拉取最新代码
[2026-04-03 18:00:03] 📋 获取所有 open PR...
[2026-04-03 20:00:00] 🏯 开始 PR 审查和合并任务...
[2026-04-03 20:00:00] 🏯 开始 PR 审查和合并任务...
[2026-04-03 20:00:00] ✅ Git 身份已设置为孔明
[2026-04-03 20:00:04] ✅ 已拉取最新代码
[2026-04-03 20:00:04] 📋 获取所有 open PR...
[2026-04-03 22:00:00] 🏯 开始 PR 审查和合并任务...
[2026-04-03 22:00:00] 🏯 开始 PR 审查和合并任务...
[2026-04-03 22:00:00] ✅ Git 身份已设置为孔明
[2026-04-03 22:00:02] ✅ 已拉取最新代码
[2026-04-03 22:00:02] 📋 获取所有 open PR...
[2026-04-04 00:00:00] 🏯 开始 PR 审查和合并任务...
[2026-04-04 00:00:00] 🏯 开始 PR 审查和合并任务...
[2026-04-04 00:00:00] ✅ Git 身份已设置为孔明
[2026-04-04 02:00:00] 🏯 开始 PR 审查和合并任务...
[2026-04-04 02:00:00] 🏯 开始 PR 审查和合并任务...
[2026-04-04 02:00:00] ✅ Git 身份已设置为孔明
[2026-04-04 04:00:00] 🏯 开始 PR 审查和合并任务...
[2026-04-04 04:00:00] 🏯 开始 PR 审查和合并任务...
[2026-04-04 04:00:00] ✅ Git 身份已设置为孔明
[2026-04-04 06:00:00] 🏯 开始 PR 审查和合并任务...
[2026-04-04 06:00:00] 🏯 开始 PR 审查和合并任务...
[2026-04-04 06:00:00] ✅ Git 身份已设置为孔明
[2026-04-04 08:00:00] 🏯 开始 PR 审查和合并任务...
[2026-04-04 08:00:00] 🏯 开始 PR 审查和合并任务...
[2026-04-04 08:00:00] ✅ Git 身份已设置为孔明
[2026-04-04 08:00:02] ✅ 已拉取最新代码
[2026-04-04 08:00:02] 📋 获取所有 open PR...
[2026-04-04 10:00:00] 🏯 开始 PR 审查和合并任务...
[2026-04-04 10:00:00] 🏯 开始 PR 审查和合并任务...
[2026-04-04 10:00:02] ✅ Git 身份已设置为孔明
[2026-04-04 10:00:04] ✅ 已拉取最新代码
[2026-04-04 10:00:04] 📋 获取所有 open PR...
[2026-04-04 12:00:00] 🏯 开始 PR 审查和合并任务...
[2026-04-04 12:00:00] 🏯 开始 PR 审查和合并任务...
[2026-04-04 12:00:00] ✅ Git 身份已设置为孔明
[2026-04-04 12:01:10] ✅ 已拉取最新代码
[2026-04-04 12:01:10] 📋 获取所有 open PR...
[2026-04-04 14:00:00] 🏯 开始 PR 审查和合并任务...
[2026-04-04 14:00:00] 🏯 开始 PR 审查和合并任务...
[2026-04-04 14:00:00] ✅ Git 身份已设置为孔明
[2026-04-04 14:00:02] ✅ 已拉取最新代码
[2026-04-04 14:00:02] 📋 获取所有 open PR...
[2026-04-04 16:00:00] 🏯 开始 PR 审查和合并任务...
[2026-04-04 16:00:00] 🏯 开始 PR 审查和合并任务...
[2026-04-04 16:00:00] ✅ Git 身份已设置为孔明
[2026-04-04 18:00:00] 🏯 开始 PR 审查和合并任务...
[2026-04-04 18:00:00] 🏯 开始 PR 审查和合并任务...
[2026-04-04 18:00:00] ✅ Git 身份已设置为孔明
[2026-04-04 18:00:02] ✅ 已拉取最新代码
[2026-04-04 18:00:02] 📋 获取所有 open PR...
[2026-04-04 20:00:00] 🏯 开始 PR 审查和合并任务...
[2026-04-04 20:00:00] 🏯 开始 PR 审查和合并任务...
[2026-04-04 20:00:00] ✅ Git 身份已设置为孔明
[2026-04-04 20:00:02] ✅ 已拉取最新代码
[2026-04-04 20:00:02] 📋 获取所有 open PR...
[2026-04-04 22:00:00] 🏯 开始 PR 审查和合并任务...
[2026-04-04 22:00:00] 🏯 开始 PR 审查和合并任务...
[2026-04-04 22:00:00] ✅ Git 身份已设置为孔明
[2026-04-04 22:00:05] ✅ 已拉取最新代码
[2026-04-04 22:00:05] 📋 获取所有 open PR...
[2026-04-05 00:00:00] 🏯 开始 PR 审查和合并任务...
[2026-04-05 00:00:00] 🏯 开始 PR 审查和合并任务...
[2026-04-05 00:00:00] ✅ Git 身份已设置为孔明
[2026-04-05 02:00:00] 🏯 开始 PR 审查和合并任务...
[2026-04-05 02:00:00] 🏯 开始 PR 审查和合并任务...
[2026-04-05 02:00:00] ✅ Git 身份已设置为孔明
[2026-04-05 02:00:02] ✅ 已拉取最新代码
[2026-04-05 02:00:02] 📋 获取所有 open PR...
[2026-04-05 04:00:00] 🏯 开始 PR 审查和合并任务...
[2026-04-05 04:00:00] 🏯 开始 PR 审查和合并任务...
[2026-04-05 04:00:00] ✅ Git 身份已设置为孔明
[2026-04-05 04:00:02] ✅ 已拉取最新代码
[2026-04-05 04:00:02] 📋 获取所有 open PR...
[2026-04-05 06:00:00] 🏯 开始 PR 审查和合并任务...
[2026-04-05 06:00:00] 🏯 开始 PR 审查和合并任务...
[2026-04-05 06:00:00] ✅ Git 身份已设置为孔明
[2026-04-05 06:00:02] ✅ 已拉取最新代码
[2026-04-05 06:00:02] 📋 获取所有 open PR...
[2026-04-05 08:00:00] 🏯 开始 PR 审查和合并任务...
[2026-04-05 08:00:00] 🏯 开始 PR 审查和合并任务...
[2026-04-05 08:00:00] ✅ Git 身份已设置为孔明
[2026-04-05 08:00:02] ✅ 已拉取最新代码
[2026-04-05 08:00:02] 📋 获取所有 open PR...
[2026-04-05 10:00:00] 🏯 开始 PR 审查和合并任务...
[2026-04-05 10:00:00] 🏯 开始 PR 审查和合并任务...
[2026-04-05 10:00:00] ✅ Git 身份已设置为孔明
[2026-04-05 10:00:02] ✅ 已拉取最新代码
[2026-04-05 10:00:02] 📋 获取所有 open PR...
[2026-04-05 12:00:00] 🏯 开始 PR 审查和合并任务...
[2026-04-05 12:00:00] 🏯 开始 PR 审查和合并任务...
[2026-04-05 12:00:01] ✅ Git 身份已设置为孔明
[2026-04-05 12:00:02] ✅ 已拉取最新代码
[2026-04-05 12:00:02] 📋 获取所有 open PR...
[2026-04-05 14:00:00] 🏯 开始 PR 审查和合并任务...
[2026-04-05 14:00:00] 🏯 开始 PR 审查和合并任务...
[2026-04-05 14:00:00] ✅ Git 身份已设置为孔明
[2026-04-05 14:00:02] ✅ 已拉取最新代码
[2026-04-05 14:00:02] 📋 获取所有 open PR...
[2026-04-05 16:00:00] 🏯 开始 PR 审查和合并任务...
[2026-04-05 16:00:00] 🏯 开始 PR 审查和合并任务...
[2026-04-05 16:00:01] ✅ Git 身份已设置为孔明
[2026-04-05 16:00:03] ✅ 已拉取最新代码
[2026-04-05 16:00:03] 📋 获取所有 open PR...
[2026-04-05 18:00:00] 🏯 开始 PR 审查和合并任务...
[2026-04-05 18:00:00] 🏯 开始 PR 审查和合并任务...
[2026-04-05 18:00:00] ✅ Git 身份已设置为孔明
[2026-04-05 18:00:02] ✅ 已拉取最新代码
[2026-04-05 18:00:02] 📋 获取所有 open PR...
[2026-04-05 20:00:00] 🏯 开始 PR 审查和合并任务...
[2026-04-05 20:00:00] 🏯 开始 PR 审查和合并任务...
[2026-04-05 20:00:01] ✅ Git 身份已设置为孔明
[2026-04-05 22:00:00] 🏯 开始 PR 审查和合并任务...
[2026-04-05 22:00:00] 🏯 开始 PR 审查和合并任务...
[2026-04-05 22:00:01] ✅ Git 身份已设置为孔明
[2026-04-05 22:00:02] ✅ 已拉取最新代码
[2026-04-05 22:00:02] 📋 获取所有 open PR...
[2026-04-06 00:00:00] 🏯 开始 PR 审查和合并任务...
[2026-04-06 00:00:00] 🏯 开始 PR 审查和合并任务...
[2026-04-06 00:00:00] ✅ Git 身份已设置为孔明
[2026-04-06 02:00:01] 🏯 开始 PR 审查和合并任务...
[2026-04-06 02:00:01] 🏯 开始 PR 审查和合并任务...
[2026-04-06 02:00:01] ✅ Git 身份已设置为孔明
[2026-04-06 02:00:03] ✅ 已拉取最新代码
[2026-04-06 02:00:03] 📋 获取所有 open PR...
[2026-04-06 04:00:01] 🏯 开始 PR 审查和合并任务...
[2026-04-06 04:00:01] 🏯 开始 PR 审查和合并任务...
[2026-04-06 04:00:01] ✅ Git 身份已设置为孔明
[2026-04-06 04:00:02] ✅ 已拉取最新代码
[2026-04-06 04:00:02] 📋 获取所有 open PR...
[2026-04-06 06:00:00] 🏯 开始 PR 审查和合并任务...
[2026-04-06 06:00:00] 🏯 开始 PR 审查和合并任务...
[2026-04-06 06:00:00] ✅ Git 身份已设置为孔明
[2026-04-06 08:00:00] 🏯 开始 PR 审查和合并任务...
[2026-04-06 08:00:00] 🏯 开始 PR 审查和合并任务...
[2026-04-06 08:00:01] ✅ Git 身份已设置为孔明
[2026-04-06 08:00:03] ✅ 已拉取最新代码
[2026-04-06 08:00:03] 📋 获取所有 open PR...
[2026-04-06 10:00:00] 🏯 开始 PR 审查和合并任务...
[2026-04-06 10:00:00] 🏯 开始 PR 审查和合并任务...
[2026-04-06 10:00:00] ✅ Git 身份已设置为孔明
[2026-04-06 12:00:00] 🏯 开始 PR 审查和合并任务...
[2026-04-06 12:00:00] 🏯 开始 PR 审查和合并任务...
[2026-04-06 12:00:00] ✅ Git 身份已设置为孔明
[2026-04-06 12:01:09] ✅ 已拉取最新代码
[2026-04-06 12:01:09] 📋 获取所有 open PR...
[2026-04-06 14:00:00] 🏯 开始 PR 审查和合并任务...
[2026-04-06 14:00:00] 🏯 开始 PR 审查和合并任务...
[2026-04-06 14:00:00] ✅ Git 身份已设置为孔明
[2026-04-06 16:00:00] 🏯 开始 PR 审查和合并任务...
[2026-04-06 16:00:00] 🏯 开始 PR 审查和合并任务...
[2026-04-06 16:00:00] ✅ Git 身份已设置为孔明
[2026-04-06 16:00:02] ✅ 已拉取最新代码
[2026-04-06 16:00:02] 📋 获取所有 open PR...
[2026-04-06 18:00:00] 🏯 开始 PR 审查和合并任务...
[2026-04-06 18:00:00] 🏯 开始 PR 审查和合并任务...
[2026-04-06 18:00:00] ✅ Git 身份已设置为孔明
[2026-04-06 20:00:00] 🏯 开始 PR 审查和合并任务...
[2026-04-06 20:00:00] 🏯 开始 PR 审查和合并任务...
[2026-04-06 20:00:00] ✅ Git 身份已设置为孔明
[2026-04-06 22:00:00] 🏯 开始 PR 审查和合并任务...
[2026-04-06 22:00:00] 🏯 开始 PR 审查和合并任务...
[2026-04-06 22:00:00] ✅ Git 身份已设置为孔明
[2026-04-07 00:00:00] 🏯 开始 PR 审查和合并任务...
[2026-04-07 00:00:00] 🏯 开始 PR 审查和合并任务...
[2026-04-07 00:00:00] ✅ Git 身份已设置为孔明
[2026-04-07 02:00:00] 🏯 开始 PR 审查和合并任务...
[2026-04-07 02:00:00] 🏯 开始 PR 审查和合并任务...
[2026-04-07 02:00:00] ✅ Git 身份已设置为孔明
[2026-04-07 04:00:00] 🏯 开始 PR 审查和合并任务...
[2026-04-07 04:00:00] 🏯 开始 PR 审查和合并任务...
[2026-04-07 04:00:00] ✅ Git 身份已设置为孔明
[2026-04-07 06:00:00] 🏯 开始 PR 审查和合并任务...
[2026-04-07 06:00:00] 🏯 开始 PR 审查和合并任务...
[2026-04-07 06:00:00] ✅ Git 身份已设置为孔明
[2026-04-07 08:00:00] 🏯 开始 PR 审查和合并任务...
[2026-04-07 08:00:00] 🏯 开始 PR 审查和合并任务...
[2026-04-07 08:00:01] ✅ Git 身份已设置为孔明
[2026-04-07 10:00:00] 🏯 开始 PR 审查和合并任务...
[2026-04-07 10:00:00] 🏯 开始 PR 审查和合并任务...
[2026-04-07 10:00:00] ✅ Git 身份已设置为孔明
[2026-04-07 12:00:00] 🏯 开始 PR 审查和合并任务...
[2026-04-07 12:00:00] 🏯 开始 PR 审查和合并任务...
[2026-04-07 12:00:00] ✅ Git 身份已设置为孔明
[2026-04-07 14:00:00] 🏯 开始 PR 审查和合并任务...
[2026-04-07 14:00:00] 🏯 开始 PR 审查和合并任务...
[2026-04-07 14:00:00] ✅ Git 身份已设置为孔明
[2026-04-07 16:00:00] 🏯 开始 PR 审查和合并任务...
[2026-04-07 16:00:00] 🏯 开始 PR 审查和合并任务...
[2026-04-07 16:00:00] ✅ Git 身份已设置为孔明
[2026-04-07 18:00:00] 🏯 开始 PR 审查和合并任务...
[2026-04-07 18:00:00] 🏯 开始 PR 审查和合并任务...
[2026-04-07 18:00:00] ✅ Git 身份已设置为孔明
[2026-04-07 20:00:00] 🏯 开始 PR 审查和合并任务...
[2026-04-07 20:00:00] 🏯 开始 PR 审查和合并任务...
[2026-04-07 20:00:00] ✅ Git 身份已设置为孔明
[2026-04-07 22:00:00] 🏯 开始 PR 审查和合并任务...
[2026-04-07 22:00:00] 🏯 开始 PR 审查和合并任务...
[2026-04-07 22:00:00] ✅ Git 身份已设置为孔明
[2026-04-08 00:00:00] 🏯 开始 PR 审查和合并任务...
[2026-04-08 00:00:00] 🏯 开始 PR 审查和合并任务...
[2026-04-08 00:00:00] ✅ Git 身份已设置为孔明
[2026-04-08 02:00:00] 🏯 开始 PR 审查和合并任务...
[2026-04-08 02:00:00] 🏯 开始 PR 审查和合并任务...
[2026-04-08 02:00:00] ✅ Git 身份已设置为孔明
[2026-04-08 04:00:00] 🏯 开始 PR 审查和合并任务...
[2026-04-08 04:00:00] 🏯 开始 PR 审查和合并任务...
[2026-04-08 04:00:00] ✅ Git 身份已设置为孔明
[2026-04-08 06:00:00] 🏯 开始 PR 审查和合并任务...
[2026-04-08 06:00:00] 🏯 开始 PR 审查和合并任务...
[2026-04-08 06:00:00] ✅ Git 身份已设置为孔明
[2026-04-08 08:00:00] 🏯 开始 PR 审查和合并任务...
[2026-04-08 08:00:00] 🏯 开始 PR 审查和合并任务...
[2026-04-08 08:00:00] ✅ Git 身份已设置为孔明
[2026-04-08 10:00:00] 🏯 开始 PR 审查和合并任务...
[2026-04-08 10:00:00] 🏯 开始 PR 审查和合并任务...
[2026-04-08 10:00:00] ✅ Git 身份已设置为孔明
[2026-04-08 12:00:00] 🏯 开始 PR 审查和合并任务...
[2026-04-08 12:00:00] 🏯 开始 PR 审查和合并任务...
[2026-04-08 12:00:00] ✅ Git 身份已设置为孔明
[2026-04-08 14:00:00] 🏯 开始 PR 审查和合并任务...
[2026-04-08 14:00:00] 🏯 开始 PR 审查和合并任务...
[2026-04-08 14:00:00] ✅ Git 身份已设置为孔明
[2026-04-08 16:00:00] 🏯 开始 PR 审查和合并任务...
[2026-04-08 16:00:00] 🏯 开始 PR 审查和合并任务...
[2026-04-08 16:00:00] ✅ Git 身份已设置为孔明
[2026-04-08 18:00:00] 🏯 开始 PR 审查和合并任务...
[2026-04-08 18:00:00] 🏯 开始 PR 审查和合并任务...
[2026-04-08 18:00:00] ✅ Git 身份已设置为孔明
[2026-04-08 20:00:00] 🏯 开始 PR 审查和合并任务...
[2026-04-08 20:00:00] 🏯 开始 PR 审查和合并任务...
[2026-04-08 20:00:00] ✅ Git 身份已设置为孔明
[2026-04-08 22:00:00] 🏯 开始 PR 审查和合并任务...
[2026-04-08 22:00:00] 🏯 开始 PR 审查和合并任务...
[2026-04-08 22:00:00] ✅ Git 身份已设置为孔明
[2026-04-09 00:00:00] 🏯 开始 PR 审查和合并任务...
[2026-04-09 00:00:00] 🏯 开始 PR 审查和合并任务...
[2026-04-09 00:00:00] ✅ Git 身份已设置为孔明
[2026-04-09 02:00:00] 🏯 开始 PR 审查和合并任务...
[2026-04-09 02:00:00] 🏯 开始 PR 审查和合并任务...
[2026-04-09 02:00:00] ✅ Git 身份已设置为孔明
[2026-04-09 04:00:00] 🏯 开始 PR 审查和合并任务...
[2026-04-09 04:00:00] 🏯 开始 PR 审查和合并任务...
[2026-04-09 04:00:00] ✅ Git 身份已设置为孔明
[2026-04-09 06:00:00] 🏯 开始 PR 审查和合并任务...
[2026-04-09 06:00:00] 🏯 开始 PR 审查和合并任务...
[2026-04-09 06:00:00] ✅ Git 身份已设置为孔明
[2026-04-09 08:00:00] 🏯 开始 PR 审查和合并任务...
[2026-04-09 08:00:00] 🏯 开始 PR 审查和合并任务...
[2026-04-09 08:00:00] ✅ Git 身份已设置为孔明
[2026-04-09 10:00:00] 🏯 开始 PR 审查和合并任务...
[2026-04-09 10:00:00] 🏯 开始 PR 审查和合并任务...
[2026-04-09 10:00:00] ✅ Git 身份已设置为孔明
[2026-04-09 12:00:00] 🏯 开始 PR 审查和合并任务...
[2026-04-09 12:00:00] 🏯 开始 PR 审查和合并任务...
[2026-04-09 12:00:00] ✅ Git 身份已设置为孔明
[2026-04-09 14:00:01] 🏯 开始 PR 审查和合并任务...
[2026-04-09 14:00:01] 🏯 开始 PR 审查和合并任务...
[2026-04-09 14:00:01] ✅ Git 身份已设置为孔明
[2026-04-09 16:00:00] 🏯 开始 PR 审查和合并任务...
[2026-04-09 16:00:00] 🏯 开始 PR 审查和合并任务...
[2026-04-09 16:00:00] ✅ Git 身份已设置为孔明
[2026-04-09 18:00:00] 🏯 开始 PR 审查和合并任务...
[2026-04-09 18:00:00] 🏯 开始 PR 审查和合并任务...
[2026-04-09 18:00:00] ✅ Git 身份已设置为孔明
[2026-04-09 20:00:00] 🏯 开始 PR 审查和合并任务...
[2026-04-09 20:00:00] 🏯 开始 PR 审查和合并任务...
[2026-04-09 20:00:00] ✅ Git 身份已设置为孔明
[2026-04-09 22:00:00] 🏯 开始 PR 审查和合并任务...
[2026-04-09 22:00:00] 🏯 开始 PR 审查和合并任务...
[2026-04-09 22:00:01] ✅ Git 身份已设置为孔明
[2026-04-10 00:00:00] 🏯 开始 PR 审查和合并任务...
[2026-04-10 00:00:00] 🏯 开始 PR 审查和合并任务...
[2026-04-10 00:00:00] ✅ Git 身份已设置为孔明
[2026-04-10 02:00:00] 🏯 开始 PR 审查和合并任务...
[2026-04-10 02:00:00] 🏯 开始 PR 审查和合并任务...
[2026-04-10 02:00:00] ✅ Git 身份已设置为孔明
[2026-04-10 04:00:00] 🏯 开始 PR 审查和合并任务...
[2026-04-10 04:00:00] 🏯 开始 PR 审查和合并任务...
[2026-04-10 04:00:00] ✅ Git 身份已设置为孔明
[2026-04-10 06:00:01] 🏯 开始 PR 审查和合并任务...
[2026-04-10 06:00:01] 🏯 开始 PR 审查和合并任务...
[2026-04-10 06:00:01] ✅ Git 身份已设置为孔明
[2026-04-10 08:00:00] 🏯 开始 PR 审查和合并任务...
[2026-04-10 08:00:00] 🏯 开始 PR 审查和合并任务...
[2026-04-10 08:00:01] ✅ Git 身份已设置为孔明
[2026-04-10 10:00:01] 🏯 开始 PR 审查和合并任务...
[2026-04-10 10:00:01] 🏯 开始 PR 审查和合并任务...
[2026-04-10 10:00:01] ✅ Git 身份已设置为孔明
[2026-04-10 12:00:00] 🏯 开始 PR 审查和合并任务...
[2026-04-10 12:00:00] 🏯 开始 PR 审查和合并任务...
[2026-04-10 12:00:00] ✅ Git 身份已设置为孔明
[2026-04-10 14:00:00] 🏯 开始 PR 审查和合并任务...
[2026-04-10 14:00:00] 🏯 开始 PR 审查和合并任务...
[2026-04-10 14:00:00] ✅ Git 身份已设置为孔明
[2026-04-10 16:00:00] 🏯 开始 PR 审查和合并任务...
[2026-04-10 16:00:00] 🏯 开始 PR 审查和合并任务...
[2026-04-10 16:00:00] ✅ Git 身份已设置为孔明
[2026-04-10 18:00:00] 🏯 开始 PR 审查和合并任务...
[2026-04-10 18:00:00] 🏯 开始 PR 审查和合并任务...
[2026-04-10 18:00:00] ✅ Git 身份已设置为孔明
[2026-04-10 20:00:01] 🏯 开始 PR 审查和合并任务...
[2026-04-10 20:00:01] 🏯 开始 PR 审查和合并任务...
[2026-04-10 20:00:01] ✅ Git 身份已设置为孔明
[2026-04-10 22:00:00] 🏯 开始 PR 审查和合并任务...
[2026-04-10 22:00:00] 🏯 开始 PR 审查和合并任务...
[2026-04-10 22:00:00] ✅ Git 身份已设置为孔明
[2026-04-11 00:00:00] 🏯 开始 PR 审查和合并任务...
[2026-04-11 00:00:00] 🏯 开始 PR 审查和合并任务...
[2026-04-11 00:00:01] ✅ Git 身份已设置为孔明
[2026-04-11 02:00:00] 🏯 开始 PR 审查和合并任务...
[2026-04-11 02:00:00] 🏯 开始 PR 审查和合并任务...
[2026-04-11 02:00:00] ✅ Git 身份已设置为孔明
[2026-04-11 04:00:00] 🏯 开始 PR 审查和合并任务...
[2026-04-11 04:00:00] 🏯 开始 PR 审查和合并任务...
[2026-04-11 04:00:00] ✅ Git 身份已设置为孔明
[2026-04-11 06:00:00] 🏯 开始 PR 审查和合并任务...
[2026-04-11 06:00:00] 🏯 开始 PR 审查和合并任务...
[2026-04-11 06:00:00] ✅ Git 身份已设置为孔明
[2026-04-11 08:00:00] 🏯 开始 PR 审查和合并任务...
[2026-04-11 08:00:00] 🏯 开始 PR 审查和合并任务...
[2026-04-11 08:00:00] ✅ Git 身份已设置为孔明
[2026-04-11 10:00:00] 🏯 开始 PR 审查和合并任务...
[2026-04-11 10:00:00] 🏯 开始 PR 审查和合并任务...
[2026-04-11 10:00:00] ✅ Git 身份已设置为孔明
[2026-04-11 12:00:01] 🏯 开始 PR 审查和合并任务...
[2026-04-11 12:00:01] 🏯 开始 PR 审查和合并任务...
[2026-04-11 12:00:01] ✅ Git 身份已设置为孔明
[2026-04-11 14:00:00] 🏯 开始 PR 审查和合并任务...
[2026-04-11 14:00:00] 🏯 开始 PR 审查和合并任务...
[2026-04-11 14:00:00] ✅ Git 身份已设置为孔明
[2026-04-11 16:00:00] 🏯 开始 PR 审查和合并任务...
[2026-04-11 16:00:00] 🏯 开始 PR 审查和合并任务...
[2026-04-11 16:00:00] ✅ Git 身份已设置为孔明
[2026-04-11 18:00:01] 🏯 开始 PR 审查和合并任务...
[2026-04-11 18:00:01] 🏯 开始 PR 审查和合并任务...
[2026-04-11 18:00:01] ✅ Git 身份已设置为孔明
[2026-04-11 20:00:00] 🏯 开始 PR 审查和合并任务...
[2026-04-11 20:00:00] 🏯 开始 PR 审查和合并任务...
[2026-04-11 20:00:00] ✅ Git 身份已设置为孔明
[2026-04-11 22:00:00] 🏯 开始 PR 审查和合并任务...
[2026-04-11 22:00:00] 🏯 开始 PR 审查和合并任务...
[2026-04-11 22:00:00] ✅ Git 身份已设置为孔明
[2026-04-12 00:00:00] 🏯 开始 PR 审查和合并任务...
[2026-04-12 00:00:00] 🏯 开始 PR 审查和合并任务...
[2026-04-12 00:00:00] ✅ Git 身份已设置为孔明
[2026-04-12 02:00:00] 🏯 开始 PR 审查和合并任务...
[2026-04-12 02:00:00] 🏯 开始 PR 审查和合并任务...
[2026-04-12 02:00:00] ✅ Git 身份已设置为孔明
[2026-04-12 04:00:00] 🏯 开始 PR 审查和合并任务...
[2026-04-12 04:00:00] 🏯 开始 PR 审查和合并任务...
[2026-04-12 04:00:00] ✅ Git 身份已设置为孔明
[2026-04-12 06:00:00] 🏯 开始 PR 审查和合并任务...
[2026-04-12 06:00:00] 🏯 开始 PR 审查和合并任务...
[2026-04-12 06:00:00] ✅ Git 身份已设置为孔明
[2026-04-12 08:00:00] 🏯 开始 PR 审查和合并任务...
[2026-04-12 08:00:00] 🏯 开始 PR 审查和合并任务...
[2026-04-12 08:00:00] ✅ Git 身份已设置为孔明
[2026-04-12 10:00:00] 🏯 开始 PR 审查和合并任务...
[2026-04-12 10:00:00] 🏯 开始 PR 审查和合并任务...
[2026-04-12 10:00:01] ✅ Git 身份已设置为孔明
[2026-04-12 12:00:00] 🏯 开始 PR 审查和合并任务...
[2026-04-12 12:00:00] 🏯 开始 PR 审查和合并任务...
[2026-04-12 12:00:00] ✅ Git 身份已设置为孔明
[2026-04-12 14:00:00] 🏯 开始 PR 审查和合并任务...
[2026-04-12 14:00:00] 🏯 开始 PR 审查和合并任务...
[2026-04-12 14:00:00] ✅ Git 身份已设置为孔明
[2026-04-12 16:00:00] 🏯 开始 PR 审查和合并任务...
[2026-04-12 16:00:00] 🏯 开始 PR 审查和合并任务...
[2026-04-12 16:00:01] ✅ Git 身份已设置为孔明
[2026-04-12 18:00:01] 🏯 开始 PR 审查和合并任务...
[2026-04-12 18:00:01] 🏯 开始 PR 审查和合并任务...
[2026-04-12 18:00:01] ✅ Git 身份已设置为孔明
[2026-04-12 22:00:00] 🏯 开始 PR 审查和合并任务...
[2026-04-12 22:00:00] 🏯 开始 PR 审查和合并任务...
[2026-04-12 22:00:00] ✅ Git 身份已设置为孔明
[2026-04-13 00:00:00] 🏯 开始 PR 审查和合并任务...
[2026-04-13 00:00:00] 🏯 开始 PR 审查和合并任务...
[2026-04-13 00:00:00] ✅ Git 身份已设置为孔明
[2026-04-13 02:00:00] 🏯 开始 PR 审查和合并任务...
[2026-04-13 02:00:00] 🏯 开始 PR 审查和合并任务...
[2026-04-13 02:00:00] ✅ Git 身份已设置为孔明
[2026-04-13 04:00:01] 🏯 开始 PR 审查和合并任务...
[2026-04-13 04:00:01] 🏯 开始 PR 审查和合并任务...
[2026-04-13 04:00:01] ✅ Git 身份已设置为孔明
[2026-04-13 06:00:00] 🏯 开始 PR 审查和合并任务...
[2026-04-13 06:00:00] 🏯 开始 PR 审查和合并任务...
[2026-04-13 06:00:00] ✅ Git 身份已设置为孔明
[2026-04-13 08:00:00] 🏯 开始 PR 审查和合并任务...
[2026-04-13 08:00:00] 🏯 开始 PR 审查和合并任务...
[2026-04-13 08:00:00] ✅ Git 身份已设置为孔明
[2026-04-13 10:00:01] 🏯 开始 PR 审查和合并任务...
[2026-04-13 10:00:01] 🏯 开始 PR 审查和合并任务...
[2026-04-13 10:00:01] ✅ Git 身份已设置为孔明
[2026-04-13 12:00:00] 🏯 开始 PR 审查和合并任务...
[2026-04-13 12:00:00] 🏯 开始 PR 审查和合并任务...
[2026-04-13 12:00:00] ✅ Git 身份已设置为孔明
[2026-04-13 14:00:00] 🏯 开始 PR 审查和合并任务...
[2026-04-13 14:00:00] 🏯 开始 PR 审查和合并任务...
[2026-04-13 14:00:01] ✅ Git 身份已设置为孔明
[2026-04-13 16:00:00] 🏯 开始 PR 审查和合并任务...
[2026-04-13 16:00:00] 🏯 开始 PR 审查和合并任务...
[2026-04-13 16:00:00] ✅ Git 身份已设置为孔明
[2026-04-13 18:00:00] 🏯 开始 PR 审查和合并任务...
[2026-04-13 18:00:00] 🏯 开始 PR 审查和合并任务...
[2026-04-13 18:00:00] ✅ Git 身份已设置为孔明
[2026-04-13 20:00:00] 🏯 开始 PR 审查和合并任务...
[2026-04-13 20:00:00] 🏯 开始 PR 审查和合并任务...
[2026-04-13 20:00:00] ✅ Git 身份已设置为孔明
[2026-04-13 22:00:00] 🏯 开始 PR 审查和合并任务...
[2026-04-13 22:00:00] 🏯 开始 PR 审查和合并任务...
[2026-04-13 22:00:00] ✅ Git 身份已设置为孔明
[2026-04-14 00:00:00] 🏯 开始 PR 审查和合并任务...
[2026-04-14 00:00:00] 🏯 开始 PR 审查和合并任务...
[2026-04-14 00:00:00] ✅ Git 身份已设置为孔明
[2026-04-14 02:00:00] 🏯 开始 PR 审查和合并任务...
[2026-04-14 02:00:00] 🏯 开始 PR 审查和合并任务...
[2026-04-14 02:00:00] ✅ Git 身份已设置为孔明
[2026-04-14 04:00:00] 🏯 开始 PR 审查和合并任务...
[2026-04-14 04:00:00] 🏯 开始 PR 审查和合并任务...
[2026-04-14 04:00:00] ✅ Git 身份已设置为孔明
[2026-04-14 06:00:01] 🏯 开始 PR 审查和合并任务...
[2026-04-14 06:00:01] 🏯 开始 PR 审查和合并任务...
[2026-04-14 06:00:01] ✅ Git 身份已设置为孔明
[2026-04-14 08:00:00] 🏯 开始 PR 审查和合并任务...
[2026-04-14 08:00:00] 🏯 开始 PR 审查和合并任务...
[2026-04-14 08:00:00] ✅ Git 身份已设置为孔明
[2026-04-14 10:00:01] 🏯 开始 PR 审查和合并任务...
[2026-04-14 10:00:01] 🏯 开始 PR 审查和合并任务...
[2026-04-14 10:00:01] ✅ Git 身份已设置为孔明
